<?xml version="1.0" encoding="UTF-8"?>
<!-- Generated by org.testng.reporters.JUnitXMLReporter -->
<testsuite hostname="Dell" name="Command line test" tests="20" failures="0" timestamp="11 Aug 2018 18:28:35 GMT" time="128.213" errors="0">
  <testcase name="@BeforeClass init" time="0.0" classname="com.sysco.ftr_web.tests.CartTest">
    <failure type="org.openqa.selenium.NoSuchWindowException" message="no such window: target window already closed
from unknown error: web view not found
  (Session info: chrome=67.0.3396.79)
  (Driver info: chromedriver=2.39.562737 (dba483cee6a5f15e2e2d73df16968ab10b38a2bf),platform=Linux 4.15.0-29-generic x86_64) (WARNING: The server did not provide any stacktrace information)
Command duration or timeout: 26 milliseconds
Build info: version: &amp;apos;3.4.0&amp;apos;, revision: &amp;apos;unknown&amp;apos;, time: &amp;apos;unknown&amp;apos;
System info: host: &amp;apos;Dell&amp;apos;, ip: &amp;apos;127.0.1.1&amp;apos;, os.name: &amp;apos;Linux&amp;apos;, os.arch: &amp;apos;amd64&amp;apos;, os.version: &amp;apos;4.15.0-29-generic&amp;apos;, java.version: &amp;apos;1.8.0_171&amp;apos;
Driver info: org.openqa.selenium.chrome.ChromeDriver
Capabilities [{applicationCacheEnabled=false, rotatable=false, mobileEmulationEnabled=false, networkConnectionEnabled=false, chrome={chromedriverVersion=2.39.562737 (dba483cee6a5f15e2e2d73df16968ab10b38a2bf), userDataDir=/tmp/.org.chromium.Chromium.fcc37H}, takesHeapSnapshot=true, pageLoadStrategy=normal, databaseEnabled=false, handlesAlerts=true, hasTouchScreen=false, version=67.0.3396.79, platform=LINUX, browserConnectionEnabled=false, nativeEvents=true, acceptSslCerts=false, acceptInsecureCerts=false, locationContextEnabled=true, webStorageEnabled=true, browserName=chrome, takesScreenshot=true, javascriptEnabled=true, cssSelectorsEnabled=true, setWindowRect=true, unexpectedAlertBehaviour=}]
Session ID: e05b1f1403cff9e2a564f24c1e17cc2e
*** Element info: {Using=id, value=age_select_day}">
      <![CDATA[org.openqa.selenium.NoSuchWindowException: no such window: target window already closed
from unknown error: web view not found
  (Session info: chrome=67.0.3396.79)
  (Driver info: chromedriver=2.39.562737 (dba483cee6a5f15e2e2d73df16968ab10b38a2bf),platform=Linux 4.15.0-29-generic x86_64) (WARNING: The server did not provide any stacktrace information)
Command duration or timeout: 26 milliseconds
Build info: version: '3.4.0', revision: 'unknown', time: 'unknown'
System info: host: 'Dell', ip: '127.0.1.1', os.name: 'Linux', os.arch: 'amd64', os.version: '4.15.0-29-generic', java.version: '1.8.0_171'
Driver info: org.openqa.selenium.chrome.ChromeDriver
Capabilities [{applicationCacheEnabled=false, rotatable=false, mobileEmulationEnabled=false, networkConnectionEnabled=false, chrome={chromedriverVersion=2.39.562737 (dba483cee6a5f15e2e2d73df16968ab10b38a2bf), userDataDir=/tmp/.org.chromium.Chromium.fcc37H}, takesHeapSnapshot=true, pageLoadStrategy=normal, databaseEnabled=false, handlesAlerts=true, hasTouchScreen=false, version=67.0.3396.79, platform=LINUX, browserConnectionEnabled=false, nativeEvents=true, acceptSslCerts=false, acceptInsecureCerts=false, locationContextEnabled=true, webStorageEnabled=true, browserName=chrome, takesScreenshot=true, javascriptEnabled=true, cssSelectorsEnabled=true, setWindowRect=true, unexpectedAlertBehaviour=}]
Session ID: e05b1f1403cff9e2a564f24c1e17cc2e
*** Element info: {Using=id, value=age_select_day}
	at org.openqa.selenium.remote.ErrorHandler.createThrowable(ErrorHandler.java:215)
	at org.openqa.selenium.remote.ErrorHandler.throwIfResponseFailed(ErrorHandler.java:167)
	at org.openqa.selenium.remote.RemoteWebDriver.execute(RemoteWebDriver.java:671)
	at org.openqa.selenium.remote.RemoteWebDriver.findElement(RemoteWebDriver.java:410)
	at org.openqa.selenium.remote.RemoteWebDriver.findElementById(RemoteWebDriver.java:453)
	at org.openqa.selenium.By$ById.findElement(By.java:218)
	at org.openqa.selenium.remote.RemoteWebDriver.findElement(RemoteWebDriver.java:402)
	at com.syscolab.qe.core.ui.SyscoLabUI.findElement(SyscoLabUI.java:42)
	at com.syscolab.qe.core.ui.SyscoLabUI.click(SyscoLabUI.java:158)
	at com.sysco.ftr_web.pages.LandingPage.clickDrpDay(LandingPage.java:33)
	at com.sysco.ftr_web.functions.Landing.clickDrpDay(Landing.java:22)
	at com.sysco.ftr_web.tests.CartTest.init(CartTest.java:20)
... Removed 38 stack frames]]>
    </failure>
  </testcase> <!-- @BeforeClass init -->
  <testcase name="@BeforeClass init" time="0.0" classname="com.sysco.ftr_web.tests.CustomerLoginTest">
    <failure type="org.openqa.selenium.NoSuchWindowException" message="no such window: target window already closed
from unknown error: web view not found
  (Session info: chrome=67.0.3396.79)
  (Driver info: chromedriver=2.39.562737 (dba483cee6a5f15e2e2d73df16968ab10b38a2bf),platform=Linux 4.15.0-29-generic x86_64) (WARNING: The server did not provide any stacktrace information)
Command duration or timeout: 9 milliseconds
Build info: version: &amp;apos;3.4.0&amp;apos;, revision: &amp;apos;unknown&amp;apos;, time: &amp;apos;unknown&amp;apos;
System info: host: &amp;apos;Dell&amp;apos;, ip: &amp;apos;127.0.1.1&amp;apos;, os.name: &amp;apos;Linux&amp;apos;, os.arch: &amp;apos;amd64&amp;apos;, os.version: &amp;apos;4.15.0-29-generic&amp;apos;, java.version: &amp;apos;1.8.0_171&amp;apos;
Driver info: org.openqa.selenium.chrome.ChromeDriver
Capabilities [{applicationCacheEnabled=false, rotatable=false, mobileEmulationEnabled=false, networkConnectionEnabled=false, chrome={chromedriverVersion=2.39.562737 (dba483cee6a5f15e2e2d73df16968ab10b38a2bf), userDataDir=/tmp/.org.chromium.Chromium.jKy0QR}, takesHeapSnapshot=true, pageLoadStrategy=normal, databaseEnabled=false, handlesAlerts=true, hasTouchScreen=false, version=67.0.3396.79, platform=LINUX, browserConnectionEnabled=false, nativeEvents=true, acceptSslCerts=false, acceptInsecureCerts=false, locationContextEnabled=true, webStorageEnabled=true, browserName=chrome, takesScreenshot=true, javascriptEnabled=true, cssSelectorsEnabled=true, setWindowRect=true, unexpectedAlertBehaviour=}]
Session ID: 504900a4b2fb87dd14aed843fb3ceaac
*** Element info: {Using=id, value=age_select_day}">
      <![CDATA[org.openqa.selenium.NoSuchWindowException: no such window: target window already closed
from unknown error: web view not found
  (Session info: chrome=67.0.3396.79)
  (Driver info: chromedriver=2.39.562737 (dba483cee6a5f15e2e2d73df16968ab10b38a2bf),platform=Linux 4.15.0-29-generic x86_64) (WARNING: The server did not provide any stacktrace information)
Command duration or timeout: 9 milliseconds
Build info: version: '3.4.0', revision: 'unknown', time: 'unknown'
System info: host: 'Dell', ip: '127.0.1.1', os.name: 'Linux', os.arch: 'amd64', os.version: '4.15.0-29-generic', java.version: '1.8.0_171'
Driver info: org.openqa.selenium.chrome.ChromeDriver
Capabilities [{applicationCacheEnabled=false, rotatable=false, mobileEmulationEnabled=false, networkConnectionEnabled=false, chrome={chromedriverVersion=2.39.562737 (dba483cee6a5f15e2e2d73df16968ab10b38a2bf), userDataDir=/tmp/.org.chromium.Chromium.jKy0QR}, takesHeapSnapshot=true, pageLoadStrategy=normal, databaseEnabled=false, handlesAlerts=true, hasTouchScreen=false, version=67.0.3396.79, platform=LINUX, browserConnectionEnabled=false, nativeEvents=true, acceptSslCerts=false, acceptInsecureCerts=false, locationContextEnabled=true, webStorageEnabled=true, browserName=chrome, takesScreenshot=true, javascriptEnabled=true, cssSelectorsEnabled=true, setWindowRect=true, unexpectedAlertBehaviour=}]
Session ID: 504900a4b2fb87dd14aed843fb3ceaac
*** Element info: {Using=id, value=age_select_day}
	at org.openqa.selenium.remote.ErrorHandler.createThrowable(ErrorHandler.java:215)
	at org.openqa.selenium.remote.ErrorHandler.throwIfResponseFailed(ErrorHandler.java:167)
	at org.openqa.selenium.remote.RemoteWebDriver.execute(RemoteWebDriver.java:671)
	at org.openqa.selenium.remote.RemoteWebDriver.findElement(RemoteWebDriver.java:410)
	at org.openqa.selenium.remote.RemoteWebDriver.findElementById(RemoteWebDriver.java:453)
	at org.openqa.selenium.By$ById.findElement(By.java:218)
	at org.openqa.selenium.remote.RemoteWebDriver.findElement(RemoteWebDriver.java:402)
	at com.syscolab.qe.core.ui.SyscoLabUI.findElement(SyscoLabUI.java:42)
	at com.syscolab.qe.core.ui.SyscoLabUI.click(SyscoLabUI.java:158)
	at com.sysco.ftr_web.pages.LandingPage.clickDrpDay(LandingPage.java:33)
	at com.sysco.ftr_web.functions.Landing.clickDrpDay(Landing.java:22)
	at com.sysco.ftr_web.tests.CustomerLoginTest.init(CustomerLoginTest.java:26)
... Removed 38 stack frames]]>
    </failure>
  </testcase> <!-- @BeforeClass init -->
  <testcase name="@BeforeClass init" time="0.0" classname="com.sysco.ftr_web.tests.GiftsTest">
    <failure type="org.openqa.selenium.NoSuchWindowException" message="no such window: target window already closed
from unknown error: web view not found
  (Session info: chrome=67.0.3396.79)
  (Driver info: chromedriver=2.39.562737 (dba483cee6a5f15e2e2d73df16968ab10b38a2bf),platform=Linux 4.15.0-29-generic x86_64) (WARNING: The server did not provide any stacktrace information)
Command duration or timeout: 15 milliseconds
Build info: version: &amp;apos;3.4.0&amp;apos;, revision: &amp;apos;unknown&amp;apos;, time: &amp;apos;unknown&amp;apos;
System info: host: &amp;apos;Dell&amp;apos;, ip: &amp;apos;127.0.1.1&amp;apos;, os.name: &amp;apos;Linux&amp;apos;, os.arch: &amp;apos;amd64&amp;apos;, os.version: &amp;apos;4.15.0-29-generic&amp;apos;, java.version: &amp;apos;1.8.0_171&amp;apos;
Driver info: org.openqa.selenium.chrome.ChromeDriver
Capabilities [{applicationCacheEnabled=false, rotatable=false, mobileEmulationEnabled=false, networkConnectionEnabled=false, chrome={chromedriverVersion=2.39.562737 (dba483cee6a5f15e2e2d73df16968ab10b38a2bf), userDataDir=/tmp/.org.chromium.Chromium.afzoG9}, takesHeapSnapshot=true, pageLoadStrategy=normal, databaseEnabled=false, handlesAlerts=true, hasTouchScreen=false, version=67.0.3396.79, platform=LINUX, browserConnectionEnabled=false, nativeEvents=true, acceptSslCerts=false, acceptInsecureCerts=false, locationContextEnabled=true, webStorageEnabled=true, browserName=chrome, takesScreenshot=true, javascriptEnabled=true, cssSelectorsEnabled=true, setWindowRect=true, unexpectedAlertBehaviour=}]
Session ID: 89aa7d40909e58a4b0f34892519697a3
*** Element info: {Using=id, value=age_select_day}">
      <![CDATA[org.openqa.selenium.NoSuchWindowException: no such window: target window already closed
from unknown error: web view not found
  (Session info: chrome=67.0.3396.79)
  (Driver info: chromedriver=2.39.562737 (dba483cee6a5f15e2e2d73df16968ab10b38a2bf),platform=Linux 4.15.0-29-generic x86_64) (WARNING: The server did not provide any stacktrace information)
Command duration or timeout: 15 milliseconds
Build info: version: '3.4.0', revision: 'unknown', time: 'unknown'
System info: host: 'Dell', ip: '127.0.1.1', os.name: 'Linux', os.arch: 'amd64', os.version: '4.15.0-29-generic', java.version: '1.8.0_171'
Driver info: org.openqa.selenium.chrome.ChromeDriver
Capabilities [{applicationCacheEnabled=false, rotatable=false, mobileEmulationEnabled=false, networkConnectionEnabled=false, chrome={chromedriverVersion=2.39.562737 (dba483cee6a5f15e2e2d73df16968ab10b38a2bf), userDataDir=/tmp/.org.chromium.Chromium.afzoG9}, takesHeapSnapshot=true, pageLoadStrategy=normal, databaseEnabled=false, handlesAlerts=true, hasTouchScreen=false, version=67.0.3396.79, platform=LINUX, browserConnectionEnabled=false, nativeEvents=true, acceptSslCerts=false, acceptInsecureCerts=false, locationContextEnabled=true, webStorageEnabled=true, browserName=chrome, takesScreenshot=true, javascriptEnabled=true, cssSelectorsEnabled=true, setWindowRect=true, unexpectedAlertBehaviour=}]
Session ID: 89aa7d40909e58a4b0f34892519697a3
*** Element info: {Using=id, value=age_select_day}
	at org.openqa.selenium.remote.ErrorHandler.createThrowable(ErrorHandler.java:215)
	at org.openqa.selenium.remote.ErrorHandler.throwIfResponseFailed(ErrorHandler.java:167)
	at org.openqa.selenium.remote.RemoteWebDriver.execute(RemoteWebDriver.java:671)
	at org.openqa.selenium.remote.RemoteWebDriver.findElement(RemoteWebDriver.java:410)
	at org.openqa.selenium.remote.RemoteWebDriver.findElementById(RemoteWebDriver.java:453)
	at org.openqa.selenium.By$ById.findElement(By.java:218)
	at org.openqa.selenium.remote.RemoteWebDriver.findElement(RemoteWebDriver.java:402)
	at com.syscolab.qe.core.ui.SyscoLabUI.findElement(SyscoLabUI.java:42)
	at com.syscolab.qe.core.ui.SyscoLabUI.click(SyscoLabUI.java:158)
	at com.sysco.ftr_web.pages.LandingPage.clickDrpDay(LandingPage.java:33)
	at com.sysco.ftr_web.functions.Landing.clickDrpDay(Landing.java:22)
	at com.sysco.ftr_web.tests.GiftsTest.init(GiftsTest.java:24)
... Removed 38 stack frames]]>
    </failure>
  </testcase> <!-- @BeforeClass init -->
  <testcase name="@AfterClass quitDriver" time="0.0" classname="com.sysco.ftr_web.tests.GiftsTest">
    <skipped/>
  </testcase> <!-- @AfterClass quitDriver -->
  <testcase name="@BeforeClass init" time="0.0" classname="com.sysco.ftr_web.tests.MyAccountTest">
    <failure type="org.openqa.selenium.NoSuchWindowException" message="no such window: target window already closed
from unknown error: web view not found
  (Session info: chrome=67.0.3396.79)
  (Driver info: chromedriver=2.39.562737 (dba483cee6a5f15e2e2d73df16968ab10b38a2bf),platform=Linux 4.15.0-29-generic x86_64) (WARNING: The server did not provide any stacktrace information)
Command duration or timeout: 11 milliseconds
Build info: version: &amp;apos;3.4.0&amp;apos;, revision: &amp;apos;unknown&amp;apos;, time: &amp;apos;unknown&amp;apos;
System info: host: &amp;apos;Dell&amp;apos;, ip: &amp;apos;127.0.1.1&amp;apos;, os.name: &amp;apos;Linux&amp;apos;, os.arch: &amp;apos;amd64&amp;apos;, os.version: &amp;apos;4.15.0-29-generic&amp;apos;, java.version: &amp;apos;1.8.0_171&amp;apos;
Driver info: org.openqa.selenium.chrome.ChromeDriver
Capabilities [{applicationCacheEnabled=false, rotatable=false, mobileEmulationEnabled=false, networkConnectionEnabled=false, chrome={chromedriverVersion=2.39.562737 (dba483cee6a5f15e2e2d73df16968ab10b38a2bf), userDataDir=/tmp/.org.chromium.Chromium.7otddv}, takesHeapSnapshot=true, pageLoadStrategy=normal, databaseEnabled=false, handlesAlerts=true, hasTouchScreen=false, version=67.0.3396.79, platform=LINUX, browserConnectionEnabled=false, nativeEvents=true, acceptSslCerts=false, acceptInsecureCerts=false, locationContextEnabled=true, webStorageEnabled=true, browserName=chrome, takesScreenshot=true, javascriptEnabled=true, cssSelectorsEnabled=true, setWindowRect=true, unexpectedAlertBehaviour=}]
Session ID: 8aff3c06ad380b9daffed3a9862f95a8
*** Element info: {Using=id, value=age_select_day}">
      <![CDATA[org.openqa.selenium.NoSuchWindowException: no such window: target window already closed
from unknown error: web view not found
  (Session info: chrome=67.0.3396.79)
  (Driver info: chromedriver=2.39.562737 (dba483cee6a5f15e2e2d73df16968ab10b38a2bf),platform=Linux 4.15.0-29-generic x86_64) (WARNING: The server did not provide any stacktrace information)
Command duration or timeout: 11 milliseconds
Build info: version: '3.4.0', revision: 'unknown', time: 'unknown'
System info: host: 'Dell', ip: '127.0.1.1', os.name: 'Linux', os.arch: 'amd64', os.version: '4.15.0-29-generic', java.version: '1.8.0_171'
Driver info: org.openqa.selenium.chrome.ChromeDriver
Capabilities [{applicationCacheEnabled=false, rotatable=false, mobileEmulationEnabled=false, networkConnectionEnabled=false, chrome={chromedriverVersion=2.39.562737 (dba483cee6a5f15e2e2d73df16968ab10b38a2bf), userDataDir=/tmp/.org.chromium.Chromium.7otddv}, takesHeapSnapshot=true, pageLoadStrategy=normal, databaseEnabled=false, handlesAlerts=true, hasTouchScreen=false, version=67.0.3396.79, platform=LINUX, browserConnectionEnabled=false, nativeEvents=true, acceptSslCerts=false, acceptInsecureCerts=false, locationContextEnabled=true, webStorageEnabled=true, browserName=chrome, takesScreenshot=true, javascriptEnabled=true, cssSelectorsEnabled=true, setWindowRect=true, unexpectedAlertBehaviour=}]
Session ID: 8aff3c06ad380b9daffed3a9862f95a8
*** Element info: {Using=id, value=age_select_day}
	at org.openqa.selenium.remote.ErrorHandler.createThrowable(ErrorHandler.java:215)
	at org.openqa.selenium.remote.ErrorHandler.throwIfResponseFailed(ErrorHandler.java:167)
	at org.openqa.selenium.remote.RemoteWebDriver.execute(RemoteWebDriver.java:671)
	at org.openqa.selenium.remote.RemoteWebDriver.findElement(RemoteWebDriver.java:410)
	at org.openqa.selenium.remote.RemoteWebDriver.findElementById(RemoteWebDriver.java:453)
	at org.openqa.selenium.By$ById.findElement(By.java:218)
	at org.openqa.selenium.remote.RemoteWebDriver.findElement(RemoteWebDriver.java:402)
	at com.syscolab.qe.core.ui.SyscoLabUI.findElement(SyscoLabUI.java:42)
	at com.syscolab.qe.core.ui.SyscoLabUI.click(SyscoLabUI.java:158)
	at com.sysco.ftr_web.pages.LandingPage.clickDrpDay(LandingPage.java:33)
	at com.sysco.ftr_web.functions.Landing.clickDrpDay(Landing.java:22)
	at com.sysco.ftr_web.tests.MyAccountTest.init(MyAccountTest.java:25)
... Removed 38 stack frames]]>
    </failure>
  </testcase> <!-- @BeforeClass init -->
  <testcase name="@BeforeMethod deleteCookiesAndLoadLandingPage" time="0.0" classname="com.sysco.ftr_web.tests.LandingTest">
    <failure type="org.openqa.selenium.WebDriverException" message="unknown error: cannot determine loading status
from disconnected: Unable to receive message from renderer
  (Session info: chrome=67.0.3396.79)
  (Driver info: chromedriver=2.39.562737 (dba483cee6a5f15e2e2d73df16968ab10b38a2bf),platform=Linux 4.15.0-29-generic x86_64) (WARNING: The server did not provide any stacktrace information)
Command duration or timeout: 1.65 seconds
Build info: version: &amp;apos;3.4.0&amp;apos;, revision: &amp;apos;unknown&amp;apos;, time: &amp;apos;unknown&amp;apos;
System info: host: &amp;apos;Dell&amp;apos;, ip: &amp;apos;127.0.1.1&amp;apos;, os.name: &amp;apos;Linux&amp;apos;, os.arch: &amp;apos;amd64&amp;apos;, os.version: &amp;apos;4.15.0-29-generic&amp;apos;, java.version: &amp;apos;1.8.0_171&amp;apos;
Driver info: org.openqa.selenium.chrome.ChromeDriver
Capabilities [{applicationCacheEnabled=false, rotatable=false, mobileEmulationEnabled=false, networkConnectionEnabled=false, chrome={chromedriverVersion=2.39.562737 (dba483cee6a5f15e2e2d73df16968ab10b38a2bf), userDataDir=/tmp/.org.chromium.Chromium.hoAvG4}, takesHeapSnapshot=true, pageLoadStrategy=normal, databaseEnabled=false, handlesAlerts=true, hasTouchScreen=false, version=67.0.3396.79, platform=LINUX, browserConnectionEnabled=false, nativeEvents=true, acceptSslCerts=false, acceptInsecureCerts=false, locationContextEnabled=true, webStorageEnabled=true, browserName=chrome, takesScreenshot=true, javascriptEnabled=true, cssSelectorsEnabled=true, setWindowRect=true, unexpectedAlertBehaviour=}]
Session ID: ae5badc886f4082623132c3ccec4d761">
      <![CDATA[org.openqa.selenium.WebDriverException: unknown error: cannot determine loading status
from disconnected: Unable to receive message from renderer
  (Session info: chrome=67.0.3396.79)
  (Driver info: chromedriver=2.39.562737 (dba483cee6a5f15e2e2d73df16968ab10b38a2bf),platform=Linux 4.15.0-29-generic x86_64) (WARNING: The server did not provide any stacktrace information)
Command duration or timeout: 1.65 seconds
Build info: version: '3.4.0', revision: 'unknown', time: 'unknown'
System info: host: 'Dell', ip: '127.0.1.1', os.name: 'Linux', os.arch: 'amd64', os.version: '4.15.0-29-generic', java.version: '1.8.0_171'
Driver info: org.openqa.selenium.chrome.ChromeDriver
Capabilities [{applicationCacheEnabled=false, rotatable=false, mobileEmulationEnabled=false, networkConnectionEnabled=false, chrome={chromedriverVersion=2.39.562737 (dba483cee6a5f15e2e2d73df16968ab10b38a2bf), userDataDir=/tmp/.org.chromium.Chromium.hoAvG4}, takesHeapSnapshot=true, pageLoadStrategy=normal, databaseEnabled=false, handlesAlerts=true, hasTouchScreen=false, version=67.0.3396.79, platform=LINUX, browserConnectionEnabled=false, nativeEvents=true, acceptSslCerts=false, acceptInsecureCerts=false, locationContextEnabled=true, webStorageEnabled=true, browserName=chrome, takesScreenshot=true, javascriptEnabled=true, cssSelectorsEnabled=true, setWindowRect=true, unexpectedAlertBehaviour=}]
Session ID: ae5badc886f4082623132c3ccec4d761
	at org.openqa.selenium.remote.ErrorHandler.createThrowable(ErrorHandler.java:215)
	at org.openqa.selenium.remote.ErrorHandler.throwIfResponseFailed(ErrorHandler.java:167)
	at org.openqa.selenium.remote.RemoteWebDriver.execute(RemoteWebDriver.java:671)
	at org.openqa.selenium.remote.RemoteWebDriver.get(RemoteWebDriver.java:364)
	at org.openqa.selenium.remote.RemoteWebDriver$RemoteNavigation.to(RemoteWebDriver.java:945)
	at com.syscolab.qe.core.ui.SyscoLabUI.navigateTo(SyscoLabUI.java:282)
	at com.sysco.ftr_web.pages.LandingPage.loadLoginPage(LandingPage.java:28)
	at com.sysco.ftr_web.functions.Landing.loadLandingPage(Landing.java:15)
	at com.sysco.ftr_web.tests.LandingTest.deleteCookiesAndLoadLandingPage(LandingTest.java:23)
... Removed 40 stack frames]]>
    </failure>
  </testcase> <!-- @BeforeMethod deleteCookiesAndLoadLandingPage -->
  <testcase name="@AfterClass quitDriver" time="0.0" classname="com.sysco.ftr_web.tests.MyAccountTest">
    <skipped/>
  </testcase> <!-- @AfterClass quitDriver -->
  <testcase name="@BeforeMethod deleteCookiesAndLoadLandingPage" time="0.0" classname="com.sysco.ftr_web.tests.LandingTest">
    <skipped/>
  </testcase> <!-- @BeforeMethod deleteCookiesAndLoadLandingPage -->
  <testcase name="@BeforeMethod deleteCookiesAndLoadLandingPage" time="0.0" classname="com.sysco.ftr_web.tests.LandingTest">
    <skipped/>
  </testcase> <!-- @BeforeMethod deleteCookiesAndLoadLandingPage -->
  <testcase name="@BeforeMethod deleteCookiesAndLoadLandingPage" time="0.0" classname="com.sysco.ftr_web.tests.LandingTest">
    <skipped/>
  </testcase> <!-- @BeforeMethod deleteCookiesAndLoadLandingPage -->
  <testcase name="@AfterClass quitDriver" time="0.0" classname="com.sysco.ftr_web.tests.CustomerLoginTest">
    <skipped/>
  </testcase> <!-- @AfterClass quitDriver -->
  <testcase name="@AfterClass quitDriver" time="0.0" classname="com.sysco.ftr_web.tests.CartTest">
    <skipped/>
  </testcase> <!-- @AfterClass quitDriver -->
  <testcase name="@AfterTest quitDriver" time="0.0" classname="com.sysco.ftr_web.tests.LandingTest">
    <skipped/>
  </testcase> <!-- @AfterTest quitDriver -->
  <testcase name="testAddedProductOnCart" time="0.002" classname="com.sysco.ftr_web.tests.CartTest">
    <skipped/>
  </testcase> <!-- testAddedProductOnCart -->
  <testcase name="testVerifyUIComponentsOfCustomerLoginPage" time="0.0" classname="com.sysco.ftr_web.tests.CustomerLoginTest">
    <skipped/>
  </testcase> <!-- testVerifyUIComponentsOfCustomerLoginPage -->
  <testcase name="testSelectProductAndAddToCart" time="0.0" classname="com.sysco.ftr_web.tests.GiftsTest">
    <skipped/>
  </testcase> <!-- testSelectProductAndAddToCart -->
  <testcase name="testCorrectUserNameIsDisplayed" time="0.0" classname="com.sysco.ftr_web.tests.MyAccountTest">
    <skipped/>
  </testcase> <!-- testCorrectUserNameIsDisplayed -->
  <testcase name="testMessageIsDisplayedForAgeLessThanTwentyFourYears" time="0.0" classname="com.sysco.ftr_web.tests.LandingTest">
    <skipped/>
  </testcase> <!-- testMessageIsDisplayedForAgeLessThanTwentyFourYears -->
  <testcase name="testProceedToCheckoutAndVerifyFirstNameAndLastName" time="0.001" classname="com.sysco.ftr_web.tests.CartTest">
    <skipped/>
  </testcase> <!-- testProceedToCheckoutAndVerifyFirstNameAndLastName -->
  <testcase name="testVerifyUserCanLoginUsingValidCredentials" time="0.0" classname="com.sysco.ftr_web.tests.CustomerLoginTest">
    <skipped/>
  </testcase> <!-- testVerifyUserCanLoginUsingValidCredentials -->
  <testcase name="testUserIsNavigatedToLoginPageWithoutEnteringTheYear" time="0.0" classname="com.sysco.ftr_web.tests.LandingTest">
    <skipped/>
  </testcase> <!-- testUserIsNavigatedToLoginPageWithoutEnteringTheYear -->
  <testcase name="testRemoveCartItemsIfExist" time="0.0" classname="com.sysco.ftr_web.tests.MyAccountTest">
    <skipped/>
  </testcase> <!-- testRemoveCartItemsIfExist -->
  <testcase name="testContinueButtonFunctionalityWithoutAddingMandatoryFields" time="0.0" classname="com.sysco.ftr_web.tests.CartTest">
    <skipped/>
  </testcase> <!-- testContinueButtonFunctionalityWithoutAddingMandatoryFields -->
  <testcase name="testUserLoginUsingInvalidEmail" time="0.0" classname="com.sysco.ftr_web.tests.CustomerLoginTest">
    <skipped/>
  </testcase> <!-- testUserLoginUsingInvalidEmail -->
  <testcase name="testUserIsNavigatedToLoginPageWithoutEnteringTheDate" time="0.0" classname="com.sysco.ftr_web.tests.LandingTest">
    <skipped/>
  </testcase> <!-- testUserIsNavigatedToLoginPageWithoutEnteringTheDate -->
  <testcase name="testUserIsNavigatedToLoginPageWithoutEnteringTheMonth" time="0.0" classname="com.sysco.ftr_web.tests.LandingTest">
    <skipped/>
  </testcase> <!-- testUserIsNavigatedToLoginPageWithoutEnteringTheMonth -->
  <testcase name="testContinueButtonFunctionalityAddingValidPostalCode" time="0.0" classname="com.sysco.ftr_web.tests.CartTest">
    <skipped/>
  </testcase> <!-- testContinueButtonFunctionalityAddingValidPostalCode -->
  <testcase name="testUserLoginUsingInvalidPassword" time="0.0" classname="com.sysco.ftr_web.tests.CustomerLoginTest">
    <skipped/>
  </testcase> <!-- testUserLoginUsingInvalidPassword -->
  <testcase name="testUserIsNavigatedToLoginPageWhenTheAgeIsGreaterThanTwentyFourYears" time="0.0" classname="com.sysco.ftr_web.tests.LandingTest">
    <skipped/>
  </testcase> <!-- testUserIsNavigatedToLoginPageWhenTheAgeIsGreaterThanTwentyFourYears -->
  <testcase name="testVerifyDeliveryOptions" time="0.0" classname="com.sysco.ftr_web.tests.CartTest">
    <skipped/>
  </testcase> <!-- testVerifyDeliveryOptions -->
  <testcase name="testUserLoginUsingEmptyCredentials" time="0.0" classname="com.sysco.ftr_web.tests.CustomerLoginTest">
    <skipped/>
  </testcase> <!-- testUserLoginUsingEmptyCredentials -->
  <testcase name="testUserIsAbleToProceedWithEmptyCreditCardAndCCVOptions" time="0.001" classname="com.sysco.ftr_web.tests.CartTest">
    <skipped/>
  </testcase> <!-- testUserIsAbleToProceedWithEmptyCreditCardAndCCVOptions -->
  <testcase name="testUserIsAbleToProceedWithInvalidCreditCardNumber" time="0.0" classname="com.sysco.ftr_web.tests.CartTest">
    <skipped/>
  </testcase> <!-- testUserIsAbleToProceedWithInvalidCreditCardNumber -->
</testsuite> <!-- Command line test -->
