<!DOCTYPE html PUBLIC "-//W3C//DTD XHTML 1.1//EN" "http://www.w3.org/TR/xhtml11/DTD/xhtml11.dtd">
<html xmlns="http://www.w3.org/1999/xhtml"><head><title>TestNG Report</title><style type="text/css">table {margin-bottom:10px;border-collapse:collapse;empty-cells:show}th,td {border:1px solid #009;padding:.25em .5em}th {vertical-align:bottom}td {vertical-align:top}table a {font-weight:bold}.stripe td {background-color: #E6EBF9}.num {text-align:right}.passedodd td {background-color: #3F3}.passedeven td {background-color: #0A0}.skippedodd td {background-color: #DDD}.skippedeven td {background-color: #CCC}.failedodd td,.attn {background-color: #F33}.failedeven td,.stripe .attn {background-color: #D00}.stacktrace {white-space:pre;font-family:monospace}.totop {font-size:85%;text-align:center;border-bottom:2px solid #000}</style></head><body><table><tr><th>Test</th><th># Passed</th><th># Skipped</th><th># Failed</th><th>Time (ms)</th><th>Included Groups</th><th>Excluded Groups</th></tr><tr><th colspan="7">Command line suite</th></tr><tr><td><a href="#t0">Command line test</a></td><td class="num">0</td><td class="num attn">20</td><td class="num">0</td><td class="num">128,213</td><td></td><td></td></tr></table><table><thead><tr><th>Class</th><th>Method</th><th>Start</th><th>Time (ms)</th></tr></thead><tbody><tr><th colspan="4">Command line suite</th></tr></tbody><tbody id="t0"><tr><th colspan="4">Command line test &#8212; failed (configuration methods)</th></tr><tr class="failedeven"><td rowspan="1">com.sysco.ftr_web.tests.CartTest</td><td><a href="#m0">init</a></td><td rowspan="1">1534011987515</td><td rowspan="1">0</td></tr><tr class="failedodd"><td rowspan="1">com.sysco.ftr_web.tests.CustomerLoginTest</td><td><a href="#m1">init</a></td><td rowspan="1">1534011993156</td><td rowspan="1">0</td></tr><tr class="failedeven"><td rowspan="1">com.sysco.ftr_web.tests.GiftsTest</td><td><a href="#m2">init</a></td><td rowspan="1">1534012001854</td><td rowspan="1">0</td></tr><tr class="failedodd"><td rowspan="1">com.sysco.ftr_web.tests.LandingTest</td><td><a href="#m3">deleteCookiesAndLoadLandingPage</a></td><td rowspan="1">1534012113188</td><td rowspan="1">0</td></tr><tr class="failedeven"><td rowspan="1">com.sysco.ftr_web.tests.MyAccountTest</td><td><a href="#m4">init</a></td><td rowspan="1">1534012110666</td><td rowspan="1">0</td></tr><tr><th colspan="4">Command line test &#8212; skipped (configuration methods)</th></tr><tr class="skippedeven"><td rowspan="1">com.sysco.ftr_web.tests.CartTest</td><td><a href="#m5">quitDriver</a></td><td rowspan="1">1534012115712</td><td rowspan="1">0</td></tr><tr class="skippedodd"><td rowspan="1">com.sysco.ftr_web.tests.CustomerLoginTest</td><td><a href="#m6">quitDriver</a></td><td rowspan="1">1534012115669</td><td rowspan="1">0</td></tr><tr class="skippedeven"><td rowspan="1">com.sysco.ftr_web.tests.GiftsTest</td><td><a href="#m7">quitDriver</a></td><td rowspan="1">1534012110665</td><td rowspan="1">0</td></tr><tr class="skippedodd"><td rowspan="4">com.sysco.ftr_web.tests.LandingTest</td><td><a href="#m8">deleteCookiesAndLoadLandingPage</a></td><td rowspan="3">1534012115646</td><td rowspan="3">0</td></tr><tr class="skippedodd"><td><a href="#m9">deleteCookiesAndLoadLandingPage</a></td></tr><tr class="skippedodd"><td><a href="#m10">deleteCookiesAndLoadLandingPage</a></td></tr><tr class="skippedodd"><td><a href="#m11">quitDriver</a></td><td rowspan="1">1534012115713</td><td rowspan="1">0</td></tr><tr class="skippedeven"><td rowspan="1">com.sysco.ftr_web.tests.MyAccountTest</td><td><a href="#m12">quitDriver</a></td><td rowspan="1">1534012115599</td><td rowspan="1">0</td></tr><tr><th colspan="4">Command line test &#8212; skipped</th></tr><tr class="skippedeven"><td rowspan="7">com.sysco.ftr_web.tests.CartTest</td><td><a href="#m13">testAddedProductOnCart</a></td><td rowspan="1">1534011993112</td><td rowspan="1">2</td></tr><tr class="skippedeven"><td><a href="#m14">testContinueButtonFunctionalityAddingValidPostalCode</a></td><td rowspan="1">1534012115629</td><td rowspan="1">0</td></tr><tr class="skippedeven"><td><a href="#m15">testContinueButtonFunctionalityWithoutAddingMandatoryFields</a></td><td rowspan="1">1534012115599</td><td rowspan="1">0</td></tr><tr class="skippedeven"><td><a href="#m16">testProceedToCheckoutAndVerifyFirstNameAndLastName</a></td><td rowspan="1">1534012115519</td><td rowspan="1">1</td></tr><tr class="skippedeven"><td><a href="#m17">testUserIsAbleToProceedWithEmptyCreditCardAndCCVOptions</a></td><td rowspan="1">1534012115669</td><td rowspan="1">1</td></tr><tr class="skippedeven"><td><a href="#m18">testUserIsAbleToProceedWithInvalidCreditCardNumber</a></td><td rowspan="1">1534012115696</td><td rowspan="1">0</td></tr><tr class="skippedeven"><td><a href="#m19">testVerifyDeliveryOptions</a></td><td rowspan="1">1534012115655</td><td rowspan="1">0</td></tr><tr class="skippedodd"><td rowspan="5">com.sysco.ftr_web.tests.CustomerLoginTest</td><td><a href="#m20">testUserLoginUsingEmptyCredentials</a></td><td rowspan="1">1534012115662</td><td rowspan="1">0</td></tr><tr class="skippedodd"><td><a href="#m21">testUserLoginUsingInvalidEmail</a></td><td rowspan="1">1534012115607</td><td rowspan="1">0</td></tr><tr class="skippedodd"><td><a href="#m22">testUserLoginUsingInvalidPassword</a></td><td rowspan="1">1534012115639</td><td rowspan="1">0</td></tr><tr class="skippedodd"><td><a href="#m23">testVerifyUIComponentsOfCustomerLoginPage</a></td><td rowspan="1">1534012001830</td><td rowspan="1">0</td></tr><tr class="skippedodd"><td><a href="#m24">testVerifyUserCanLoginUsingValidCredentials</a></td><td rowspan="1">1534012115537</td><td rowspan="1">0</td></tr><tr class="skippedeven"><td rowspan="1">com.sysco.ftr_web.tests.GiftsTest</td><td><a href="#m25">testSelectProductAndAddToCart</a></td><td rowspan="1">1534012110656</td><td rowspan="1">0</td></tr><tr class="skippedodd"><td rowspan="5">com.sysco.ftr_web.tests.LandingTest</td><td><a href="#m26">testMessageIsDisplayedForAgeLessThanTwentyFourYears</a></td><td rowspan="1">1534012115493</td><td rowspan="1">0</td></tr><tr class="skippedodd"><td><a href="#m27">testUserIsNavigatedToLoginPageWhenTheAgeIsGreaterThanTwentyFourYears</a></td><td rowspan="1">1534012115646</td><td rowspan="1">0</td></tr><tr class="skippedodd"><td><a href="#m28">testUserIsNavigatedToLoginPageWithoutEnteringTheDate</a></td><td rowspan="1">1534012115614</td><td rowspan="1">0</td></tr><tr class="skippedodd"><td><a href="#m29">testUserIsNavigatedToLoginPageWithoutEnteringTheMonth</a></td><td rowspan="1">1534012115622</td><td rowspan="1">0</td></tr><tr class="skippedodd"><td><a href="#m30">testUserIsNavigatedToLoginPageWithoutEnteringTheYear</a></td><td rowspan="1">1534012115557</td><td rowspan="1">0</td></tr><tr class="skippedeven"><td rowspan="2">com.sysco.ftr_web.tests.MyAccountTest</td><td><a href="#m31">testCorrectUserNameIsDisplayed</a></td><td rowspan="1">1534012113163</td><td rowspan="1">0</td></tr><tr class="skippedeven"><td><a href="#m32">testRemoveCartItemsIfExist</a></td><td rowspan="1">1534012115589</td><td rowspan="1">0</td></tr></tbody></table><h2>Command line test</h2><h3 id="m0">com.sysco.ftr_web.tests.CartTest#init</h3><table class="result"><tr class="param"><th>Parameter #1</th></tr><tr class="param stripe"><td>org.testng.TestRunner@66982506</td></tr><tr><th>Exception</th></tr><tr><td><div class="stacktrace">org.openqa.selenium.NoSuchWindowException: no such window: target window already closed
from unknown error: web view not found
  (Session info: chrome=67.0.3396.79)
  (Driver info: chromedriver=2.39.562737 (dba483cee6a5f15e2e2d73df16968ab10b38a2bf),platform=Linux 4.15.0-29-generic x86_64) (WARNING: The server did not provide any stacktrace information)
Command duration or timeout: 26 milliseconds
Build info: version: &apos;3.4.0&apos;, revision: &apos;unknown&apos;, time: &apos;unknown&apos;
System info: host: &apos;Dell&apos;, ip: &apos;127.0.1.1&apos;, os.name: &apos;Linux&apos;, os.arch: &apos;amd64&apos;, os.version: &apos;4.15.0-29-generic&apos;, java.version: &apos;1.8.0_171&apos;
Driver info: org.openqa.selenium.chrome.ChromeDriver
Capabilities [{applicationCacheEnabled=false, rotatable=false, mobileEmulationEnabled=false, networkConnectionEnabled=false, chrome={chromedriverVersion=2.39.562737 (dba483cee6a5f15e2e2d73df16968ab10b38a2bf), userDataDir=/tmp/.org.chromium.Chromium.fcc37H}, takesHeapSnapshot=true, pageLoadStrategy=normal, databaseEnabled=false, handlesAlerts=true, hasTouchScreen=false, version=67.0.3396.79, platform=LINUX, browserConnectionEnabled=false, nativeEvents=true, acceptSslCerts=false, acceptInsecureCerts=false, locationContextEnabled=true, webStorageEnabled=true, browserName=chrome, takesScreenshot=true, javascriptEnabled=true, cssSelectorsEnabled=true, setWindowRect=true, unexpectedAlertBehaviour=}]
Session ID: e05b1f1403cff9e2a564f24c1e17cc2e
*** Element info: {Using=id, value=age_select_day}
	at org.openqa.selenium.remote.ErrorHandler.createThrowable(ErrorHandler.java:215)
	at org.openqa.selenium.remote.ErrorHandler.throwIfResponseFailed(ErrorHandler.java:167)
	at org.openqa.selenium.remote.RemoteWebDriver.execute(RemoteWebDriver.java:671)
	at org.openqa.selenium.remote.RemoteWebDriver.findElement(RemoteWebDriver.java:410)
	at org.openqa.selenium.remote.RemoteWebDriver.findElementById(RemoteWebDriver.java:453)
	at org.openqa.selenium.By$ById.findElement(By.java:218)
	at org.openqa.selenium.remote.RemoteWebDriver.findElement(RemoteWebDriver.java:402)
	at com.syscolab.qe.core.ui.SyscoLabUI.findElement(SyscoLabUI.java:42)
	at com.syscolab.qe.core.ui.SyscoLabUI.click(SyscoLabUI.java:158)
	at com.sysco.ftr_web.pages.LandingPage.clickDrpDay(LandingPage.java:33)
	at com.sysco.ftr_web.functions.Landing.clickDrpDay(Landing.java:22)
	at com.sysco.ftr_web.tests.CartTest.init(CartTest.java:20)
... Removed 38 stack frames</div></td></tr></table><p class="totop"><a href="#summary">back to summary</a></p><h3 id="m1">com.sysco.ftr_web.tests.CustomerLoginTest#init</h3><table class="result"><tr class="param"><th>Parameter #1</th></tr><tr class="param stripe"><td>org.testng.TestRunner@66982506</td></tr><tr><th>Exception</th></tr><tr><td><div class="stacktrace">org.openqa.selenium.NoSuchWindowException: no such window: target window already closed
from unknown error: web view not found
  (Session info: chrome=67.0.3396.79)
  (Driver info: chromedriver=2.39.562737 (dba483cee6a5f15e2e2d73df16968ab10b38a2bf),platform=Linux 4.15.0-29-generic x86_64) (WARNING: The server did not provide any stacktrace information)
Command duration or timeout: 9 milliseconds
Build info: version: &apos;3.4.0&apos;, revision: &apos;unknown&apos;, time: &apos;unknown&apos;
System info: host: &apos;Dell&apos;, ip: &apos;127.0.1.1&apos;, os.name: &apos;Linux&apos;, os.arch: &apos;amd64&apos;, os.version: &apos;4.15.0-29-generic&apos;, java.version: &apos;1.8.0_171&apos;
Driver info: org.openqa.selenium.chrome.ChromeDriver
Capabilities [{applicationCacheEnabled=false, rotatable=false, mobileEmulationEnabled=false, networkConnectionEnabled=false, chrome={chromedriverVersion=2.39.562737 (dba483cee6a5f15e2e2d73df16968ab10b38a2bf), userDataDir=/tmp/.org.chromium.Chromium.jKy0QR}, takesHeapSnapshot=true, pageLoadStrategy=normal, databaseEnabled=false, handlesAlerts=true, hasTouchScreen=false, version=67.0.3396.79, platform=LINUX, browserConnectionEnabled=false, nativeEvents=true, acceptSslCerts=false, acceptInsecureCerts=false, locationContextEnabled=true, webStorageEnabled=true, browserName=chrome, takesScreenshot=true, javascriptEnabled=true, cssSelectorsEnabled=true, setWindowRect=true, unexpectedAlertBehaviour=}]
Session ID: 504900a4b2fb87dd14aed843fb3ceaac
*** Element info: {Using=id, value=age_select_day}
	at org.openqa.selenium.remote.ErrorHandler.createThrowable(ErrorHandler.java:215)
	at org.openqa.selenium.remote.ErrorHandler.throwIfResponseFailed(ErrorHandler.java:167)
	at org.openqa.selenium.remote.RemoteWebDriver.execute(RemoteWebDriver.java:671)
	at org.openqa.selenium.remote.RemoteWebDriver.findElement(RemoteWebDriver.java:410)
	at org.openqa.selenium.remote.RemoteWebDriver.findElementById(RemoteWebDriver.java:453)
	at org.openqa.selenium.By$ById.findElement(By.java:218)
	at org.openqa.selenium.remote.RemoteWebDriver.findElement(RemoteWebDriver.java:402)
	at com.syscolab.qe.core.ui.SyscoLabUI.findElement(SyscoLabUI.java:42)
	at com.syscolab.qe.core.ui.SyscoLabUI.click(SyscoLabUI.java:158)
	at com.sysco.ftr_web.pages.LandingPage.clickDrpDay(LandingPage.java:33)
	at com.sysco.ftr_web.functions.Landing.clickDrpDay(Landing.java:22)
	at com.sysco.ftr_web.tests.CustomerLoginTest.init(CustomerLoginTest.java:26)
... Removed 38 stack frames</div></td></tr></table><p class="totop"><a href="#summary">back to summary</a></p><h3 id="m2">com.sysco.ftr_web.tests.GiftsTest#init</h3><table class="result"><tr class="param"><th>Parameter #1</th></tr><tr class="param stripe"><td>org.testng.TestRunner@66982506</td></tr><tr><th>Exception</th></tr><tr><td><div class="stacktrace">org.openqa.selenium.NoSuchWindowException: no such window: target window already closed
from unknown error: web view not found
  (Session info: chrome=67.0.3396.79)
  (Driver info: chromedriver=2.39.562737 (dba483cee6a5f15e2e2d73df16968ab10b38a2bf),platform=Linux 4.15.0-29-generic x86_64) (WARNING: The server did not provide any stacktrace information)
Command duration or timeout: 15 milliseconds
Build info: version: &apos;3.4.0&apos;, revision: &apos;unknown&apos;, time: &apos;unknown&apos;
System info: host: &apos;Dell&apos;, ip: &apos;127.0.1.1&apos;, os.name: &apos;Linux&apos;, os.arch: &apos;amd64&apos;, os.version: &apos;4.15.0-29-generic&apos;, java.version: &apos;1.8.0_171&apos;
Driver info: org.openqa.selenium.chrome.ChromeDriver
Capabilities [{applicationCacheEnabled=false, rotatable=false, mobileEmulationEnabled=false, networkConnectionEnabled=false, chrome={chromedriverVersion=2.39.562737 (dba483cee6a5f15e2e2d73df16968ab10b38a2bf), userDataDir=/tmp/.org.chromium.Chromium.afzoG9}, takesHeapSnapshot=true, pageLoadStrategy=normal, databaseEnabled=false, handlesAlerts=true, hasTouchScreen=false, version=67.0.3396.79, platform=LINUX, browserConnectionEnabled=false, nativeEvents=true, acceptSslCerts=false, acceptInsecureCerts=false, locationContextEnabled=true, webStorageEnabled=true, browserName=chrome, takesScreenshot=true, javascriptEnabled=true, cssSelectorsEnabled=true, setWindowRect=true, unexpectedAlertBehaviour=}]
Session ID: 89aa7d40909e58a4b0f34892519697a3
*** Element info: {Using=id, value=age_select_day}
	at org.openqa.selenium.remote.ErrorHandler.createThrowable(ErrorHandler.java:215)
	at org.openqa.selenium.remote.ErrorHandler.throwIfResponseFailed(ErrorHandler.java:167)
	at org.openqa.selenium.remote.RemoteWebDriver.execute(RemoteWebDriver.java:671)
	at org.openqa.selenium.remote.RemoteWebDriver.findElement(RemoteWebDriver.java:410)
	at org.openqa.selenium.remote.RemoteWebDriver.findElementById(RemoteWebDriver.java:453)
	at org.openqa.selenium.By$ById.findElement(By.java:218)
	at org.openqa.selenium.remote.RemoteWebDriver.findElement(RemoteWebDriver.java:402)
	at com.syscolab.qe.core.ui.SyscoLabUI.findElement(SyscoLabUI.java:42)
	at com.syscolab.qe.core.ui.SyscoLabUI.click(SyscoLabUI.java:158)
	at com.sysco.ftr_web.pages.LandingPage.clickDrpDay(LandingPage.java:33)
	at com.sysco.ftr_web.functions.Landing.clickDrpDay(Landing.java:22)
	at com.sysco.ftr_web.tests.GiftsTest.init(GiftsTest.java:24)
... Removed 38 stack frames</div></td></tr></table><p class="totop"><a href="#summary">back to summary</a></p><h3 id="m3">com.sysco.ftr_web.tests.LandingTest#deleteCookiesAndLoadLandingPage</h3><table class="result"><tr><th>Exception</th></tr><tr><td><div class="stacktrace">org.openqa.selenium.WebDriverException: unknown error: cannot determine loading status
from disconnected: Unable to receive message from renderer
  (Session info: chrome=67.0.3396.79)
  (Driver info: chromedriver=2.39.562737 (dba483cee6a5f15e2e2d73df16968ab10b38a2bf),platform=Linux 4.15.0-29-generic x86_64) (WARNING: The server did not provide any stacktrace information)
Command duration or timeout: 1.65 seconds
Build info: version: &apos;3.4.0&apos;, revision: &apos;unknown&apos;, time: &apos;unknown&apos;
System info: host: &apos;Dell&apos;, ip: &apos;127.0.1.1&apos;, os.name: &apos;Linux&apos;, os.arch: &apos;amd64&apos;, os.version: &apos;4.15.0-29-generic&apos;, java.version: &apos;1.8.0_171&apos;
Driver info: org.openqa.selenium.chrome.ChromeDriver
Capabilities [{applicationCacheEnabled=false, rotatable=false, mobileEmulationEnabled=false, networkConnectionEnabled=false, chrome={chromedriverVersion=2.39.562737 (dba483cee6a5f15e2e2d73df16968ab10b38a2bf), userDataDir=/tmp/.org.chromium.Chromium.hoAvG4}, takesHeapSnapshot=true, pageLoadStrategy=normal, databaseEnabled=false, handlesAlerts=true, hasTouchScreen=false, version=67.0.3396.79, platform=LINUX, browserConnectionEnabled=false, nativeEvents=true, acceptSslCerts=false, acceptInsecureCerts=false, locationContextEnabled=true, webStorageEnabled=true, browserName=chrome, takesScreenshot=true, javascriptEnabled=true, cssSelectorsEnabled=true, setWindowRect=true, unexpectedAlertBehaviour=}]
Session ID: ae5badc886f4082623132c3ccec4d761
	at org.openqa.selenium.remote.ErrorHandler.createThrowable(ErrorHandler.java:215)
	at org.openqa.selenium.remote.ErrorHandler.throwIfResponseFailed(ErrorHandler.java:167)
	at org.openqa.selenium.remote.RemoteWebDriver.execute(RemoteWebDriver.java:671)
	at org.openqa.selenium.remote.RemoteWebDriver.get(RemoteWebDriver.java:364)
	at org.openqa.selenium.remote.RemoteWebDriver$RemoteNavigation.to(RemoteWebDriver.java:945)
	at com.syscolab.qe.core.ui.SyscoLabUI.navigateTo(SyscoLabUI.java:282)
	at com.sysco.ftr_web.pages.LandingPage.loadLoginPage(LandingPage.java:28)
	at com.sysco.ftr_web.functions.Landing.loadLandingPage(Landing.java:15)
	at com.sysco.ftr_web.tests.LandingTest.deleteCookiesAndLoadLandingPage(LandingTest.java:23)
... Removed 40 stack frames</div></td></tr></table><p class="totop"><a href="#summary">back to summary</a></p><h3 id="m4">com.sysco.ftr_web.tests.MyAccountTest#init</h3><table class="result"><tr class="param"><th>Parameter #1</th></tr><tr class="param stripe"><td>org.testng.TestRunner@66982506</td></tr><tr><th>Exception</th></tr><tr><td><div class="stacktrace">org.openqa.selenium.NoSuchWindowException: no such window: target window already closed
from unknown error: web view not found
  (Session info: chrome=67.0.3396.79)
  (Driver info: chromedriver=2.39.562737 (dba483cee6a5f15e2e2d73df16968ab10b38a2bf),platform=Linux 4.15.0-29-generic x86_64) (WARNING: The server did not provide any stacktrace information)
Command duration or timeout: 11 milliseconds
Build info: version: &apos;3.4.0&apos;, revision: &apos;unknown&apos;, time: &apos;unknown&apos;
System info: host: &apos;Dell&apos;, ip: &apos;127.0.1.1&apos;, os.name: &apos;Linux&apos;, os.arch: &apos;amd64&apos;, os.version: &apos;4.15.0-29-generic&apos;, java.version: &apos;1.8.0_171&apos;
Driver info: org.openqa.selenium.chrome.ChromeDriver
Capabilities [{applicationCacheEnabled=false, rotatable=false, mobileEmulationEnabled=false, networkConnectionEnabled=false, chrome={chromedriverVersion=2.39.562737 (dba483cee6a5f15e2e2d73df16968ab10b38a2bf), userDataDir=/tmp/.org.chromium.Chromium.7otddv}, takesHeapSnapshot=true, pageLoadStrategy=normal, databaseEnabled=false, handlesAlerts=true, hasTouchScreen=false, version=67.0.3396.79, platform=LINUX, browserConnectionEnabled=false, nativeEvents=true, acceptSslCerts=false, acceptInsecureCerts=false, locationContextEnabled=true, webStorageEnabled=true, browserName=chrome, takesScreenshot=true, javascriptEnabled=true, cssSelectorsEnabled=true, setWindowRect=true, unexpectedAlertBehaviour=}]
Session ID: 8aff3c06ad380b9daffed3a9862f95a8
*** Element info: {Using=id, value=age_select_day}
	at org.openqa.selenium.remote.ErrorHandler.createThrowable(ErrorHandler.java:215)
	at org.openqa.selenium.remote.ErrorHandler.throwIfResponseFailed(ErrorHandler.java:167)
	at org.openqa.selenium.remote.RemoteWebDriver.execute(RemoteWebDriver.java:671)
	at org.openqa.selenium.remote.RemoteWebDriver.findElement(RemoteWebDriver.java:410)
	at org.openqa.selenium.remote.RemoteWebDriver.findElementById(RemoteWebDriver.java:453)
	at org.openqa.selenium.By$ById.findElement(By.java:218)
	at org.openqa.selenium.remote.RemoteWebDriver.findElement(RemoteWebDriver.java:402)
	at com.syscolab.qe.core.ui.SyscoLabUI.findElement(SyscoLabUI.java:42)
	at com.syscolab.qe.core.ui.SyscoLabUI.click(SyscoLabUI.java:158)
	at com.sysco.ftr_web.pages.LandingPage.clickDrpDay(LandingPage.java:33)
	at com.sysco.ftr_web.functions.Landing.clickDrpDay(Landing.java:22)
	at com.sysco.ftr_web.tests.MyAccountTest.init(MyAccountTest.java:25)
... Removed 38 stack frames</div></td></tr></table><p class="totop"><a href="#summary">back to summary</a></p><h3 id="m5">com.sysco.ftr_web.tests.CartTest#quitDriver</h3><table class="result"></table><p class="totop"><a href="#summary">back to summary</a></p><h3 id="m6">com.sysco.ftr_web.tests.CustomerLoginTest#quitDriver</h3><table class="result"></table><p class="totop"><a href="#summary">back to summary</a></p><h3 id="m7">com.sysco.ftr_web.tests.GiftsTest#quitDriver</h3><table class="result"></table><p class="totop"><a href="#summary">back to summary</a></p><h3 id="m8">com.sysco.ftr_web.tests.LandingTest#deleteCookiesAndLoadLandingPage</h3><table class="result"></table><p class="totop"><a href="#summary">back to summary</a></p><h3 id="m9">com.sysco.ftr_web.tests.LandingTest#deleteCookiesAndLoadLandingPage</h3><table class="result"></table><p class="totop"><a href="#summary">back to summary</a></p><h3 id="m10">com.sysco.ftr_web.tests.LandingTest#deleteCookiesAndLoadLandingPage</h3><table class="result"></table><p class="totop"><a href="#summary">back to summary</a></p><h3 id="m11">com.sysco.ftr_web.tests.LandingTest#quitDriver</h3><table class="result"></table><p class="totop"><a href="#summary">back to summary</a></p><h3 id="m12">com.sysco.ftr_web.tests.MyAccountTest#quitDriver</h3><table class="result"></table><p class="totop"><a href="#summary">back to summary</a></p><h3 id="m13">com.sysco.ftr_web.tests.CartTest#testAddedProductOnCart</h3><table class="result"></table><p class="totop"><a href="#summary">back to summary</a></p><h3 id="m14">com.sysco.ftr_web.tests.CartTest#testContinueButtonFunctionalityAddingValidPostalCode</h3><table class="result"></table><p class="totop"><a href="#summary">back to summary</a></p><h3 id="m15">com.sysco.ftr_web.tests.CartTest#testContinueButtonFunctionalityWithoutAddingMandatoryFields</h3><table class="result"></table><p class="totop"><a href="#summary">back to summary</a></p><h3 id="m16">com.sysco.ftr_web.tests.CartTest#testProceedToCheckoutAndVerifyFirstNameAndLastName</h3><table class="result"></table><p class="totop"><a href="#summary">back to summary</a></p><h3 id="m17">com.sysco.ftr_web.tests.CartTest#testUserIsAbleToProceedWithEmptyCreditCardAndCCVOptions</h3><table class="result"></table><p class="totop"><a href="#summary">back to summary</a></p><h3 id="m18">com.sysco.ftr_web.tests.CartTest#testUserIsAbleToProceedWithInvalidCreditCardNumber</h3><table class="result"></table><p class="totop"><a href="#summary">back to summary</a></p><h3 id="m19">com.sysco.ftr_web.tests.CartTest#testVerifyDeliveryOptions</h3><table class="result"></table><p class="totop"><a href="#summary">back to summary</a></p><h3 id="m20">com.sysco.ftr_web.tests.CustomerLoginTest#testUserLoginUsingEmptyCredentials</h3><table class="result"></table><p class="totop"><a href="#summary">back to summary</a></p><h3 id="m21">com.sysco.ftr_web.tests.CustomerLoginTest#testUserLoginUsingInvalidEmail</h3><table class="result"></table><p class="totop"><a href="#summary">back to summary</a></p><h3 id="m22">com.sysco.ftr_web.tests.CustomerLoginTest#testUserLoginUsingInvalidPassword</h3><table class="result"></table><p class="totop"><a href="#summary">back to summary</a></p><h3 id="m23">com.sysco.ftr_web.tests.CustomerLoginTest#testVerifyUIComponentsOfCustomerLoginPage</h3><table class="result"></table><p class="totop"><a href="#summary">back to summary</a></p><h3 id="m24">com.sysco.ftr_web.tests.CustomerLoginTest#testVerifyUserCanLoginUsingValidCredentials</h3><table class="result"></table><p class="totop"><a href="#summary">back to summary</a></p><h3 id="m25">com.sysco.ftr_web.tests.GiftsTest#testSelectProductAndAddToCart</h3><table class="result"></table><p class="totop"><a href="#summary">back to summary</a></p><h3 id="m26">com.sysco.ftr_web.tests.LandingTest#testMessageIsDisplayedForAgeLessThanTwentyFourYears</h3><table class="result"></table><p class="totop"><a href="#summary">back to summary</a></p><h3 id="m27">com.sysco.ftr_web.tests.LandingTest#testUserIsNavigatedToLoginPageWhenTheAgeIsGreaterThanTwentyFourYears</h3><table class="result"></table><p class="totop"><a href="#summary">back to summary</a></p><h3 id="m28">com.sysco.ftr_web.tests.LandingTest#testUserIsNavigatedToLoginPageWithoutEnteringTheDate</h3><table class="result"></table><p class="totop"><a href="#summary">back to summary</a></p><h3 id="m29">com.sysco.ftr_web.tests.LandingTest#testUserIsNavigatedToLoginPageWithoutEnteringTheMonth</h3><table class="result"></table><p class="totop"><a href="#summary">back to summary</a></p><h3 id="m30">com.sysco.ftr_web.tests.LandingTest#testUserIsNavigatedToLoginPageWithoutEnteringTheYear</h3><table class="result"><tr><th>Exception</th></tr><tr><td><div class="stacktrace">java.lang.Throwable: Method LandingTest.testUserIsNavigatedToLoginPageWithoutEnteringTheYear()[pri:0, instance:com.sysco.ftr_web.tests.LandingTest@39aeed2f] depends on not successfully finished methods
... Removed 27 stack frames</div></td></tr></table><p class="totop"><a href="#summary">back to summary</a></p><h3 id="m31">com.sysco.ftr_web.tests.MyAccountTest#testCorrectUserNameIsDisplayed</h3><table class="result"></table><p class="totop"><a href="#summary">back to summary</a></p><h3 id="m32">com.sysco.ftr_web.tests.MyAccountTest#testRemoveCartItemsIfExist</h3><table class="result"><tr><th>Exception</th></tr><tr><td><div class="stacktrace">java.lang.Throwable: Method MyAccountTest.testRemoveCartItemsIfExist()[pri:0, instance:com.sysco.ftr_web.tests.MyAccountTest@457e2f02] depends on not successfully finished methods
... Removed 27 stack frames</div></td></tr></table><p class="totop"><a href="#summary">back to summary</a></p></body></html>