<?xml version="1.0" encoding="UTF-8"?>
<testng-results skipped="20" failed="0" total="20" passed="0">
  <reporter-output>
  </reporter-output>
  <suite name="Command line suite" duration-ms="128213" started-at="2018-08-11T18:26:27Z" finished-at="2018-08-11T18:28:35Z">
    <groups>
    </groups>
    <test name="Command line test" duration-ms="128213" started-at="2018-08-11T18:26:27Z" finished-at="2018-08-11T18:28:35Z">
      <class name="com.sysco.ftr_web.tests.CartTest">
        <test-method status="PASS" signature="init()[pri:0, instance:com.sysco.ftr_web.tests.CartTest@c038203]" name="init" is-config="true" duration-ms="1" started-at="2018-08-11T23:56:27Z" finished-at="2018-08-11T23:56:27Z">
          <reporter-output>
          </reporter-output>
        </test-method> <!-- init -->
        <test-method status="FAIL" signature="init(org.testng.ITestContext)[pri:0, instance:com.sysco.ftr_web.tests.CartTest@c038203]" name="init" is-config="true" duration-ms="0" started-at="2018-08-11T23:56:27Z" finished-at="2018-08-11T23:56:27Z">
          <params>
            <param index="0">
              <value>
                <![CDATA[org.testng.TestRunner@66982506]]>
              </value>
            </param>
          </params>
          <exception class="org.openqa.selenium.NoSuchWindowException">
            <message>
              <![CDATA[no such window: target window already closed
from unknown error: web view not found
  (Session info: chrome=67.0.3396.79)
  (Driver info: chromedriver=2.39.562737 (dba483cee6a5f15e2e2d73df16968ab10b38a2bf),platform=Linux 4.15.0-29-generic x86_64) (WARNING: The server did not provide any stacktrace information)
Command duration or timeout: 26 milliseconds
Build info: version: '3.4.0', revision: 'unknown', time: 'unknown'
System info: host: 'Dell', ip: '127.0.1.1', os.name: 'Linux', os.arch: 'amd64', os.version: '4.15.0-29-generic', java.version: '1.8.0_171'
Driver info: org.openqa.selenium.chrome.ChromeDriver
Capabilities [{applicationCacheEnabled=false, rotatable=false, mobileEmulationEnabled=false, networkConnectionEnabled=false, chrome={chromedriverVersion=2.39.562737 (dba483cee6a5f15e2e2d73df16968ab10b38a2bf), userDataDir=/tmp/.org.chromium.Chromium.fcc37H}, takesHeapSnapshot=true, pageLoadStrategy=normal, databaseEnabled=false, handlesAlerts=true, hasTouchScreen=false, version=67.0.3396.79, platform=LINUX, browserConnectionEnabled=false, nativeEvents=true, acceptSslCerts=false, acceptInsecureCerts=false, locationContextEnabled=true, webStorageEnabled=true, browserName=chrome, takesScreenshot=true, javascriptEnabled=true, cssSelectorsEnabled=true, setWindowRect=true, unexpectedAlertBehaviour=}]
Session ID: e05b1f1403cff9e2a564f24c1e17cc2e
*** Element info: {Using=id, value=age_select_day}]]>
            </message>
            <full-stacktrace>
              <![CDATA[org.openqa.selenium.NoSuchWindowException: no such window: target window already closed
from unknown error: web view not found
  (Session info: chrome=67.0.3396.79)
  (Driver info: chromedriver=2.39.562737 (dba483cee6a5f15e2e2d73df16968ab10b38a2bf),platform=Linux 4.15.0-29-generic x86_64) (WARNING: The server did not provide any stacktrace information)
Command duration or timeout: 26 milliseconds
Build info: version: '3.4.0', revision: 'unknown', time: 'unknown'
System info: host: 'Dell', ip: '127.0.1.1', os.name: 'Linux', os.arch: 'amd64', os.version: '4.15.0-29-generic', java.version: '1.8.0_171'
Driver info: org.openqa.selenium.chrome.ChromeDriver
Capabilities [{applicationCacheEnabled=false, rotatable=false, mobileEmulationEnabled=false, networkConnectionEnabled=false, chrome={chromedriverVersion=2.39.562737 (dba483cee6a5f15e2e2d73df16968ab10b38a2bf), userDataDir=/tmp/.org.chromium.Chromium.fcc37H}, takesHeapSnapshot=true, pageLoadStrategy=normal, databaseEnabled=false, handlesAlerts=true, hasTouchScreen=false, version=67.0.3396.79, platform=LINUX, browserConnectionEnabled=false, nativeEvents=true, acceptSslCerts=false, acceptInsecureCerts=false, locationContextEnabled=true, webStorageEnabled=true, browserName=chrome, takesScreenshot=true, javascriptEnabled=true, cssSelectorsEnabled=true, setWindowRect=true, unexpectedAlertBehaviour=}]
Session ID: e05b1f1403cff9e2a564f24c1e17cc2e
*** Element info: {Using=id, value=age_select_day}
	at sun.reflect.NativeConstructorAccessorImpl.newInstance0(Native Method)
	at sun.reflect.NativeConstructorAccessorImpl.newInstance(NativeConstructorAccessorImpl.java:62)
	at sun.reflect.DelegatingConstructorAccessorImpl.newInstance(DelegatingConstructorAccessorImpl.java:45)
	at java.lang.reflect.Constructor.newInstance(Constructor.java:423)
	at org.openqa.selenium.remote.ErrorHandler.createThrowable(ErrorHandler.java:215)
	at org.openqa.selenium.remote.ErrorHandler.throwIfResponseFailed(ErrorHandler.java:167)
	at org.openqa.selenium.remote.RemoteWebDriver.execute(RemoteWebDriver.java:671)
	at org.openqa.selenium.remote.RemoteWebDriver.findElement(RemoteWebDriver.java:410)
	at org.openqa.selenium.remote.RemoteWebDriver.findElementById(RemoteWebDriver.java:453)
	at org.openqa.selenium.By$ById.findElement(By.java:218)
	at org.openqa.selenium.remote.RemoteWebDriver.findElement(RemoteWebDriver.java:402)
	at com.syscolab.qe.core.ui.SyscoLabUI.findElement(SyscoLabUI.java:42)
	at com.syscolab.qe.core.ui.SyscoLabUI.click(SyscoLabUI.java:158)
	at com.sysco.ftr_web.pages.LandingPage.clickDrpDay(LandingPage.java:33)
	at com.sysco.ftr_web.functions.Landing.clickDrpDay(Landing.java:22)
	at com.sysco.ftr_web.tests.CartTest.init(CartTest.java:20)
	at sun.reflect.NativeMethodAccessorImpl.invoke0(Native Method)
	at sun.reflect.NativeMethodAccessorImpl.invoke(NativeMethodAccessorImpl.java:62)
	at sun.reflect.DelegatingMethodAccessorImpl.invoke(DelegatingMethodAccessorImpl.java:43)
	at java.lang.reflect.Method.invoke(Method.java:498)
	at org.testng.internal.MethodInvocationHelper.invokeMethod(MethodInvocationHelper.java:86)
	at org.testng.internal.Invoker.invokeConfigurationMethod(Invoker.java:514)
	at org.testng.internal.Invoker.invokeConfigurations(Invoker.java:215)
	at org.testng.internal.Invoker.invokeConfigurations(Invoker.java:142)
	at org.testng.internal.TestMethodWorker.invokeBeforeClassMethods(TestMethodWorker.java:178)
	at org.testng.internal.TestMethodWorker.run(TestMethodWorker.java:108)
	at org.testng.TestRunner.privateRun(TestRunner.java:782)
	at org.testng.TestRunner.run(TestRunner.java:632)
	at org.testng.SuiteRunner.runTest(SuiteRunner.java:366)
	at org.testng.SuiteRunner.runSequentially(SuiteRunner.java:361)
	at org.testng.SuiteRunner.privateRun(SuiteRunner.java:319)
	at org.testng.SuiteRunner.run(SuiteRunner.java:268)
	at org.testng.SuiteRunnerWorker.runSuite(SuiteRunnerWorker.java:52)
	at org.testng.SuiteRunnerWorker.run(SuiteRunnerWorker.java:86)
	at org.testng.TestNG.runSuitesSequentially(TestNG.java:1244)
	at org.testng.TestNG.runSuitesLocally(TestNG.java:1169)
	at org.testng.TestNG.run(TestNG.java:1064)
	at org.apache.maven.surefire.testng.TestNGExecutor.run(TestNGExecutor.java:77)
	at org.apache.maven.surefire.testng.TestNGDirectoryTestSuite.executeMulti(TestNGDirectoryTestSuite.java:159)
	at org.apache.maven.surefire.testng.TestNGDirectoryTestSuite.execute(TestNGDirectoryTestSuite.java:99)
	at org.apache.maven.surefire.testng.TestNGProvider.invoke(TestNGProvider.java:106)
	at sun.reflect.NativeMethodAccessorImpl.invoke0(Native Method)
	at sun.reflect.NativeMethodAccessorImpl.invoke(NativeMethodAccessorImpl.java:62)
	at sun.reflect.DelegatingMethodAccessorImpl.invoke(DelegatingMethodAccessorImpl.java:43)
	at java.lang.reflect.Method.invoke(Method.java:498)
	at org.apache.maven.surefire.util.ReflectionUtils.invokeMethodWithArray(ReflectionUtils.java:189)
	at org.apache.maven.surefire.booter.ProviderFactory$ProviderProxy.invoke(ProviderFactory.java:165)
	at org.apache.maven.surefire.booter.ProviderFactory.invokeProvider(ProviderFactory.java:85)
	at org.apache.maven.surefire.booter.ForkedBooter.runSuitesInProcess(ForkedBooter.java:115)
	at org.apache.maven.surefire.booter.ForkedBooter.main(ForkedBooter.java:75)
]]>
            </full-stacktrace>
          </exception> <!-- org.openqa.selenium.NoSuchWindowException -->
          <reporter-output>
          </reporter-output>
        </test-method> <!-- init -->
        <test-method status="SKIP" signature="testAddedProductOnCart()[pri:0, instance:com.sysco.ftr_web.tests.CartTest@c038203]" name="testAddedProductOnCart" duration-ms="2" started-at="2018-08-11T23:56:33Z" description="TC-14" finished-at="2018-08-11T23:56:33Z">
          <reporter-output>
          </reporter-output>
        </test-method> <!-- testAddedProductOnCart -->
        <test-method status="SKIP" signature="testProceedToCheckoutAndVerifyFirstNameAndLastName()[pri:0, instance:com.sysco.ftr_web.tests.CartTest@c038203]" name="testProceedToCheckoutAndVerifyFirstNameAndLastName" duration-ms="1" started-at="2018-08-11T23:58:35Z" description="TC-15" depends-on-methods="com.sysco.ftr_web.tests.CartTest.testAddedProductOnCart" finished-at="2018-08-11T23:58:35Z">
          <reporter-output>
          </reporter-output>
        </test-method> <!-- testProceedToCheckoutAndVerifyFirstNameAndLastName -->
        <test-method status="SKIP" signature="testContinueButtonFunctionalityWithoutAddingMandatoryFields()[pri:0, instance:com.sysco.ftr_web.tests.CartTest@c038203]" name="testContinueButtonFunctionalityWithoutAddingMandatoryFields" duration-ms="0" started-at="2018-08-11T23:58:35Z" description="TC-16" depends-on-methods="com.sysco.ftr_web.tests.CartTest.testProceedToCheckoutAndVerifyFirstNameAndLastName" finished-at="2018-08-11T23:58:35Z">
          <reporter-output>
          </reporter-output>
        </test-method> <!-- testContinueButtonFunctionalityWithoutAddingMandatoryFields -->
        <test-method status="SKIP" signature="testContinueButtonFunctionalityAddingValidPostalCode()[pri:0, instance:com.sysco.ftr_web.tests.CartTest@c038203]" name="testContinueButtonFunctionalityAddingValidPostalCode" duration-ms="0" started-at="2018-08-11T23:58:35Z" description="TC-17" depends-on-methods="com.sysco.ftr_web.tests.CartTest.testContinueButtonFunctionalityWithoutAddingMandatoryFields" finished-at="2018-08-11T23:58:35Z">
          <reporter-output>
          </reporter-output>
        </test-method> <!-- testContinueButtonFunctionalityAddingValidPostalCode -->
        <test-method status="SKIP" signature="testVerifyDeliveryOptions()[pri:0, instance:com.sysco.ftr_web.tests.CartTest@c038203]" name="testVerifyDeliveryOptions" duration-ms="0" started-at="2018-08-11T23:58:35Z" description="TC-18" depends-on-methods="com.sysco.ftr_web.tests.CartTest.testContinueButtonFunctionalityAddingValidPostalCode" finished-at="2018-08-11T23:58:35Z">
          <reporter-output>
          </reporter-output>
        </test-method> <!-- testVerifyDeliveryOptions -->
        <test-method status="SKIP" signature="testUserIsAbleToProceedWithEmptyCreditCardAndCCVOptions()[pri:0, instance:com.sysco.ftr_web.tests.CartTest@c038203]" name="testUserIsAbleToProceedWithEmptyCreditCardAndCCVOptions" duration-ms="1" started-at="2018-08-11T23:58:35Z" description="TC-19" depends-on-methods="com.sysco.ftr_web.tests.CartTest.testVerifyDeliveryOptions" finished-at="2018-08-11T23:58:35Z">
          <reporter-output>
          </reporter-output>
        </test-method> <!-- testUserIsAbleToProceedWithEmptyCreditCardAndCCVOptions -->
        <test-method status="SKIP" signature="testUserIsAbleToProceedWithInvalidCreditCardNumber()[pri:0, instance:com.sysco.ftr_web.tests.CartTest@c038203]" name="testUserIsAbleToProceedWithInvalidCreditCardNumber" duration-ms="0" started-at="2018-08-11T23:58:35Z" description="TC-20" depends-on-methods="com.sysco.ftr_web.tests.CartTest.testUserIsAbleToProceedWithEmptyCreditCardAndCCVOptions" finished-at="2018-08-11T23:58:35Z">
          <reporter-output>
          </reporter-output>
        </test-method> <!-- testUserIsAbleToProceedWithInvalidCreditCardNumber -->
        <test-method status="SKIP" signature="quitDriver()[pri:0, instance:com.sysco.ftr_web.tests.CartTest@c038203]" name="quitDriver" is-config="true" duration-ms="0" started-at="2018-08-11T23:58:35Z" finished-at="2018-08-11T23:58:35Z">
          <reporter-output>
          </reporter-output>
        </test-method> <!-- quitDriver -->
        <test-method status="PASS" signature="cleanUp(org.testng.ITestContext)[pri:0, instance:com.sysco.ftr_web.tests.CartTest@c038203]" name="cleanUp" is-config="true" duration-ms="1" started-at="2018-08-11T23:58:35Z" finished-at="2018-08-11T23:58:35Z">
          <params>
            <param index="0">
              <value>
                <![CDATA[org.testng.TestRunner@66982506]]>
              </value>
            </param>
          </params>
          <reporter-output>
          </reporter-output>
        </test-method> <!-- cleanUp -->
      </class> <!-- com.sysco.ftr_web.tests.CartTest -->
      <class name="com.sysco.ftr_web.utils.TestBase">
        <test-method status="PASS" signature="beforeTest()[pri:0, instance:com.sysco.ftr_web.utils.TestBase@4cc0edeb]" name="beforeTest" is-config="true" duration-ms="8" started-at="2018-08-11T23:56:27Z" finished-at="2018-08-11T23:56:27Z">
          <reporter-output>
          </reporter-output>
        </test-method> <!-- beforeTest -->
      </class> <!-- com.sysco.ftr_web.utils.TestBase -->
      <class name="com.sysco.ftr_web.tests.LandingTest">
        <test-method status="PASS" signature="init()[pri:0, instance:com.sysco.ftr_web.tests.LandingTest@39aeed2f]" name="init" is-config="true" duration-ms="1" started-at="2018-08-11T23:58:33Z" finished-at="2018-08-11T23:58:33Z">
          <reporter-output>
          </reporter-output>
        </test-method> <!-- init -->
        <test-method status="PASS" signature="init(org.testng.ITestContext)[pri:0, instance:com.sysco.ftr_web.tests.LandingTest@39aeed2f]" name="init" is-config="true" duration-ms="0" started-at="2018-08-11T23:58:33Z" finished-at="2018-08-11T23:58:33Z">
          <params>
            <param index="0">
              <value>
                <![CDATA[org.testng.TestRunner@66982506]]>
              </value>
            </param>
          </params>
          <reporter-output>
          </reporter-output>
        </test-method> <!-- init -->
        <test-method status="FAIL" signature="deleteCookiesAndLoadLandingPage()[pri:0, instance:com.sysco.ftr_web.tests.LandingTest@39aeed2f]" name="deleteCookiesAndLoadLandingPage" is-config="true" duration-ms="0" started-at="2018-08-11T23:58:33Z" finished-at="2018-08-11T23:58:33Z">
          <exception class="org.openqa.selenium.WebDriverException">
            <message>
              <![CDATA[unknown error: cannot determine loading status
from disconnected: Unable to receive message from renderer
  (Session info: chrome=67.0.3396.79)
  (Driver info: chromedriver=2.39.562737 (dba483cee6a5f15e2e2d73df16968ab10b38a2bf),platform=Linux 4.15.0-29-generic x86_64) (WARNING: The server did not provide any stacktrace information)
Command duration or timeout: 1.65 seconds
Build info: version: '3.4.0', revision: 'unknown', time: 'unknown'
System info: host: 'Dell', ip: '127.0.1.1', os.name: 'Linux', os.arch: 'amd64', os.version: '4.15.0-29-generic', java.version: '1.8.0_171'
Driver info: org.openqa.selenium.chrome.ChromeDriver
Capabilities [{applicationCacheEnabled=false, rotatable=false, mobileEmulationEnabled=false, networkConnectionEnabled=false, chrome={chromedriverVersion=2.39.562737 (dba483cee6a5f15e2e2d73df16968ab10b38a2bf), userDataDir=/tmp/.org.chromium.Chromium.hoAvG4}, takesHeapSnapshot=true, pageLoadStrategy=normal, databaseEnabled=false, handlesAlerts=true, hasTouchScreen=false, version=67.0.3396.79, platform=LINUX, browserConnectionEnabled=false, nativeEvents=true, acceptSslCerts=false, acceptInsecureCerts=false, locationContextEnabled=true, webStorageEnabled=true, browserName=chrome, takesScreenshot=true, javascriptEnabled=true, cssSelectorsEnabled=true, setWindowRect=true, unexpectedAlertBehaviour=}]
Session ID: ae5badc886f4082623132c3ccec4d761]]>
            </message>
            <full-stacktrace>
              <![CDATA[org.openqa.selenium.WebDriverException: unknown error: cannot determine loading status
from disconnected: Unable to receive message from renderer
  (Session info: chrome=67.0.3396.79)
  (Driver info: chromedriver=2.39.562737 (dba483cee6a5f15e2e2d73df16968ab10b38a2bf),platform=Linux 4.15.0-29-generic x86_64) (WARNING: The server did not provide any stacktrace information)
Command duration or timeout: 1.65 seconds
Build info: version: '3.4.0', revision: 'unknown', time: 'unknown'
System info: host: 'Dell', ip: '127.0.1.1', os.name: 'Linux', os.arch: 'amd64', os.version: '4.15.0-29-generic', java.version: '1.8.0_171'
Driver info: org.openqa.selenium.chrome.ChromeDriver
Capabilities [{applicationCacheEnabled=false, rotatable=false, mobileEmulationEnabled=false, networkConnectionEnabled=false, chrome={chromedriverVersion=2.39.562737 (dba483cee6a5f15e2e2d73df16968ab10b38a2bf), userDataDir=/tmp/.org.chromium.Chromium.hoAvG4}, takesHeapSnapshot=true, pageLoadStrategy=normal, databaseEnabled=false, handlesAlerts=true, hasTouchScreen=false, version=67.0.3396.79, platform=LINUX, browserConnectionEnabled=false, nativeEvents=true, acceptSslCerts=false, acceptInsecureCerts=false, locationContextEnabled=true, webStorageEnabled=true, browserName=chrome, takesScreenshot=true, javascriptEnabled=true, cssSelectorsEnabled=true, setWindowRect=true, unexpectedAlertBehaviour=}]
Session ID: ae5badc886f4082623132c3ccec4d761
	at sun.reflect.NativeConstructorAccessorImpl.newInstance0(Native Method)
	at sun.reflect.NativeConstructorAccessorImpl.newInstance(NativeConstructorAccessorImpl.java:62)
	at sun.reflect.DelegatingConstructorAccessorImpl.newInstance(DelegatingConstructorAccessorImpl.java:45)
	at java.lang.reflect.Constructor.newInstance(Constructor.java:423)
	at org.openqa.selenium.remote.ErrorHandler.createThrowable(ErrorHandler.java:215)
	at org.openqa.selenium.remote.ErrorHandler.throwIfResponseFailed(ErrorHandler.java:167)
	at org.openqa.selenium.remote.RemoteWebDriver.execute(RemoteWebDriver.java:671)
	at org.openqa.selenium.remote.RemoteWebDriver.get(RemoteWebDriver.java:364)
	at org.openqa.selenium.remote.RemoteWebDriver$RemoteNavigation.to(RemoteWebDriver.java:945)
	at com.syscolab.qe.core.ui.SyscoLabUI.navigateTo(SyscoLabUI.java:282)
	at com.sysco.ftr_web.pages.LandingPage.loadLoginPage(LandingPage.java:28)
	at com.sysco.ftr_web.functions.Landing.loadLandingPage(Landing.java:15)
	at com.sysco.ftr_web.tests.LandingTest.deleteCookiesAndLoadLandingPage(LandingTest.java:23)
	at sun.reflect.NativeMethodAccessorImpl.invoke0(Native Method)
	at sun.reflect.NativeMethodAccessorImpl.invoke(NativeMethodAccessorImpl.java:62)
	at sun.reflect.DelegatingMethodAccessorImpl.invoke(DelegatingMethodAccessorImpl.java:43)
	at java.lang.reflect.Method.invoke(Method.java:498)
	at org.testng.internal.MethodInvocationHelper.invokeMethod(MethodInvocationHelper.java:86)
	at org.testng.internal.Invoker.invokeConfigurationMethod(Invoker.java:514)
	at org.testng.internal.Invoker.invokeConfigurations(Invoker.java:215)
	at org.testng.internal.Invoker.invokeMethod(Invoker.java:589)
	at org.testng.internal.Invoker.invokeTestMethod(Invoker.java:820)
	at org.testng.internal.Invoker.invokeTestMethods(Invoker.java:1128)
	at org.testng.internal.TestMethodWorker.invokeTestMethods(TestMethodWorker.java:129)
	at org.testng.internal.TestMethodWorker.run(TestMethodWorker.java:112)
	at org.testng.TestRunner.privateRun(TestRunner.java:782)
	at org.testng.TestRunner.run(TestRunner.java:632)
	at org.testng.SuiteRunner.runTest(SuiteRunner.java:366)
	at org.testng.SuiteRunner.runSequentially(SuiteRunner.java:361)
	at org.testng.SuiteRunner.privateRun(SuiteRunner.java:319)
	at org.testng.SuiteRunner.run(SuiteRunner.java:268)
	at org.testng.SuiteRunnerWorker.runSuite(SuiteRunnerWorker.java:52)
	at org.testng.SuiteRunnerWorker.run(SuiteRunnerWorker.java:86)
	at org.testng.TestNG.runSuitesSequentially(TestNG.java:1244)
	at org.testng.TestNG.runSuitesLocally(TestNG.java:1169)
	at org.testng.TestNG.run(TestNG.java:1064)
	at org.apache.maven.surefire.testng.TestNGExecutor.run(TestNGExecutor.java:77)
	at org.apache.maven.surefire.testng.TestNGDirectoryTestSuite.executeMulti(TestNGDirectoryTestSuite.java:159)
	at org.apache.maven.surefire.testng.TestNGDirectoryTestSuite.execute(TestNGDirectoryTestSuite.java:99)
	at org.apache.maven.surefire.testng.TestNGProvider.invoke(TestNGProvider.java:106)
	at sun.reflect.NativeMethodAccessorImpl.invoke0(Native Method)
	at sun.reflect.NativeMethodAccessorImpl.invoke(NativeMethodAccessorImpl.java:62)
	at sun.reflect.DelegatingMethodAccessorImpl.invoke(DelegatingMethodAccessorImpl.java:43)
	at java.lang.reflect.Method.invoke(Method.java:498)
	at org.apache.maven.surefire.util.ReflectionUtils.invokeMethodWithArray(ReflectionUtils.java:189)
	at org.apache.maven.surefire.booter.ProviderFactory$ProviderProxy.invoke(ProviderFactory.java:165)
	at org.apache.maven.surefire.booter.ProviderFactory.invokeProvider(ProviderFactory.java:85)
	at org.apache.maven.surefire.booter.ForkedBooter.runSuitesInProcess(ForkedBooter.java:115)
	at org.apache.maven.surefire.booter.ForkedBooter.main(ForkedBooter.java:75)
]]>
            </full-stacktrace>
          </exception> <!-- org.openqa.selenium.WebDriverException -->
          <reporter-output>
          </reporter-output>
        </test-method> <!-- deleteCookiesAndLoadLandingPage -->
        <test-method status="SKIP" signature="testMessageIsDisplayedForAgeLessThanTwentyFourYears()[pri:1, instance:com.sysco.ftr_web.tests.LandingTest@39aeed2f]" name="testMessageIsDisplayedForAgeLessThanTwentyFourYears" duration-ms="0" started-at="2018-08-11T23:58:35Z" description="TC-1" finished-at="2018-08-11T23:58:35Z">
          <reporter-output>
          </reporter-output>
        </test-method> <!-- testMessageIsDisplayedForAgeLessThanTwentyFourYears -->
        <test-method status="SKIP" signature="testUserIsNavigatedToLoginPageWithoutEnteringTheYear()[pri:0, instance:com.sysco.ftr_web.tests.LandingTest@39aeed2f]" name="testUserIsNavigatedToLoginPageWithoutEnteringTheYear" duration-ms="0" started-at="2018-08-11T23:58:35Z" description="TC-2" depends-on-methods="com.sysco.ftr_web.tests.LandingTest.testMessageIsDisplayedForAgeLessThanTwentyFourYears" finished-at="2018-08-11T23:58:35Z">
          <exception class="java.lang.Throwable">
            <message>
              <![CDATA[Method LandingTest.testUserIsNavigatedToLoginPageWithoutEnteringTheYear()[pri:0, instance:com.sysco.ftr_web.tests.LandingTest@39aeed2f] depends on not successfully finished methods]]>
            </message>
            <full-stacktrace>
              <![CDATA[java.lang.Throwable: Method LandingTest.testUserIsNavigatedToLoginPageWithoutEnteringTheYear()[pri:0, instance:com.sysco.ftr_web.tests.LandingTest@39aeed2f] depends on not successfully finished methods
	at org.testng.internal.Invoker.invokeTestMethods(Invoker.java:1037)
	at org.testng.internal.TestMethodWorker.invokeTestMethods(TestMethodWorker.java:129)
	at org.testng.internal.TestMethodWorker.run(TestMethodWorker.java:112)
	at org.testng.TestRunner.privateRun(TestRunner.java:782)
	at org.testng.TestRunner.run(TestRunner.java:632)
	at org.testng.SuiteRunner.runTest(SuiteRunner.java:366)
	at org.testng.SuiteRunner.runSequentially(SuiteRunner.java:361)
	at org.testng.SuiteRunner.privateRun(SuiteRunner.java:319)
	at org.testng.SuiteRunner.run(SuiteRunner.java:268)
	at org.testng.SuiteRunnerWorker.runSuite(SuiteRunnerWorker.java:52)
	at org.testng.SuiteRunnerWorker.run(SuiteRunnerWorker.java:86)
	at org.testng.TestNG.runSuitesSequentially(TestNG.java:1244)
	at org.testng.TestNG.runSuitesLocally(TestNG.java:1169)
	at org.testng.TestNG.run(TestNG.java:1064)
	at org.apache.maven.surefire.testng.TestNGExecutor.run(TestNGExecutor.java:77)
	at org.apache.maven.surefire.testng.TestNGDirectoryTestSuite.executeMulti(TestNGDirectoryTestSuite.java:159)
	at org.apache.maven.surefire.testng.TestNGDirectoryTestSuite.execute(TestNGDirectoryTestSuite.java:99)
	at org.apache.maven.surefire.testng.TestNGProvider.invoke(TestNGProvider.java:106)
	at sun.reflect.NativeMethodAccessorImpl.invoke0(Native Method)
	at sun.reflect.NativeMethodAccessorImpl.invoke(NativeMethodAccessorImpl.java:62)
	at sun.reflect.DelegatingMethodAccessorImpl.invoke(DelegatingMethodAccessorImpl.java:43)
	at java.lang.reflect.Method.invoke(Method.java:498)
	at org.apache.maven.surefire.util.ReflectionUtils.invokeMethodWithArray(ReflectionUtils.java:189)
	at org.apache.maven.surefire.booter.ProviderFactory$ProviderProxy.invoke(ProviderFactory.java:165)
	at org.apache.maven.surefire.booter.ProviderFactory.invokeProvider(ProviderFactory.java:85)
	at org.apache.maven.surefire.booter.ForkedBooter.runSuitesInProcess(ForkedBooter.java:115)
	at org.apache.maven.surefire.booter.ForkedBooter.main(ForkedBooter.java:75)
]]>
            </full-stacktrace>
          </exception> <!-- java.lang.Throwable -->
          <reporter-output>
          </reporter-output>
        </test-method> <!-- testUserIsNavigatedToLoginPageWithoutEnteringTheYear -->
        <test-method status="SKIP" signature="testUserIsNavigatedToLoginPageWithoutEnteringTheDate()[pri:0, instance:com.sysco.ftr_web.tests.LandingTest@39aeed2f]" name="testUserIsNavigatedToLoginPageWithoutEnteringTheDate" duration-ms="0" started-at="2018-08-11T23:58:35Z" description="TC-4" depends-on-methods="com.sysco.ftr_web.tests.LandingTest.testUserIsNavigatedToLoginPageWithoutEnteringTheYear" finished-at="2018-08-11T23:58:35Z">
          <reporter-output>
          </reporter-output>
        </test-method> <!-- testUserIsNavigatedToLoginPageWithoutEnteringTheDate -->
        <test-method status="SKIP" signature="deleteCookiesAndLoadLandingPage()[pri:0, instance:com.sysco.ftr_web.tests.LandingTest@39aeed2f]" name="deleteCookiesAndLoadLandingPage" is-config="true" duration-ms="0" started-at="2018-08-11T23:58:35Z" finished-at="2018-08-11T23:58:35Z">
          <reporter-output>
          </reporter-output>
        </test-method> <!-- deleteCookiesAndLoadLandingPage -->
        <test-method status="SKIP" signature="testUserIsNavigatedToLoginPageWithoutEnteringTheMonth()[pri:0, instance:com.sysco.ftr_web.tests.LandingTest@39aeed2f]" name="testUserIsNavigatedToLoginPageWithoutEnteringTheMonth" duration-ms="0" started-at="2018-08-11T23:58:35Z" description="TC-3" depends-on-methods="com.sysco.ftr_web.tests.LandingTest.testUserIsNavigatedToLoginPageWithoutEnteringTheYear" finished-at="2018-08-11T23:58:35Z">
          <reporter-output>
          </reporter-output>
        </test-method> <!-- testUserIsNavigatedToLoginPageWithoutEnteringTheMonth -->
        <test-method status="SKIP" signature="deleteCookiesAndLoadLandingPage()[pri:0, instance:com.sysco.ftr_web.tests.LandingTest@39aeed2f]" name="deleteCookiesAndLoadLandingPage" is-config="true" duration-ms="0" started-at="2018-08-11T23:58:35Z" finished-at="2018-08-11T23:58:35Z">
          <reporter-output>
          </reporter-output>
        </test-method> <!-- deleteCookiesAndLoadLandingPage -->
        <test-method status="SKIP" signature="deleteCookiesAndLoadLandingPage()[pri:0, instance:com.sysco.ftr_web.tests.LandingTest@39aeed2f]" name="deleteCookiesAndLoadLandingPage" is-config="true" duration-ms="0" started-at="2018-08-11T23:58:35Z" finished-at="2018-08-11T23:58:35Z">
          <reporter-output>
          </reporter-output>
        </test-method> <!-- deleteCookiesAndLoadLandingPage -->
        <test-method status="SKIP" signature="testUserIsNavigatedToLoginPageWhenTheAgeIsGreaterThanTwentyFourYears()[pri:0, instance:com.sysco.ftr_web.tests.LandingTest@39aeed2f]" name="testUserIsNavigatedToLoginPageWhenTheAgeIsGreaterThanTwentyFourYears" duration-ms="0" started-at="2018-08-11T23:58:35Z" description="TC-5" depends-on-methods="com.sysco.ftr_web.tests.LandingTest.testUserIsNavigatedToLoginPageWithoutEnteringTheMonth" finished-at="2018-08-11T23:58:35Z">
          <reporter-output>
          </reporter-output>
        </test-method> <!-- testUserIsNavigatedToLoginPageWhenTheAgeIsGreaterThanTwentyFourYears -->
        <test-method status="PASS" signature="cleanUp(org.testng.ITestContext)[pri:0, instance:com.sysco.ftr_web.tests.LandingTest@39aeed2f]" name="cleanUp" is-config="true" duration-ms="0" started-at="2018-08-11T23:58:35Z" finished-at="2018-08-11T23:58:35Z">
          <params>
            <param index="0">
              <value>
                <![CDATA[org.testng.TestRunner@66982506]]>
              </value>
            </param>
          </params>
          <reporter-output>
          </reporter-output>
        </test-method> <!-- cleanUp -->
        <test-method status="SKIP" signature="quitDriver()[pri:0, instance:com.sysco.ftr_web.tests.LandingTest@39aeed2f]" name="quitDriver" is-config="true" duration-ms="0" started-at="2018-08-11T23:58:35Z" finished-at="2018-08-11T23:58:35Z">
          <reporter-output>
          </reporter-output>
        </test-method> <!-- quitDriver -->
      </class> <!-- com.sysco.ftr_web.tests.LandingTest -->
      <class name="com.sysco.ftr_web.tests.GiftsTest">
        <test-method status="PASS" signature="init()[pri:0, instance:com.sysco.ftr_web.tests.GiftsTest@8bd1b6a]" name="init" is-config="true" duration-ms="0" started-at="2018-08-11T23:56:41Z" finished-at="2018-08-11T23:56:41Z">
          <reporter-output>
          </reporter-output>
        </test-method> <!-- init -->
        <test-method status="FAIL" signature="init(org.testng.ITestContext)[pri:0, instance:com.sysco.ftr_web.tests.GiftsTest@8bd1b6a]" name="init" is-config="true" duration-ms="0" started-at="2018-08-11T23:56:41Z" finished-at="2018-08-11T23:56:41Z">
          <params>
            <param index="0">
              <value>
                <![CDATA[org.testng.TestRunner@66982506]]>
              </value>
            </param>
          </params>
          <exception class="org.openqa.selenium.NoSuchWindowException">
            <message>
              <![CDATA[no such window: target window already closed
from unknown error: web view not found
  (Session info: chrome=67.0.3396.79)
  (Driver info: chromedriver=2.39.562737 (dba483cee6a5f15e2e2d73df16968ab10b38a2bf),platform=Linux 4.15.0-29-generic x86_64) (WARNING: The server did not provide any stacktrace information)
Command duration or timeout: 15 milliseconds
Build info: version: '3.4.0', revision: 'unknown', time: 'unknown'
System info: host: 'Dell', ip: '127.0.1.1', os.name: 'Linux', os.arch: 'amd64', os.version: '4.15.0-29-generic', java.version: '1.8.0_171'
Driver info: org.openqa.selenium.chrome.ChromeDriver
Capabilities [{applicationCacheEnabled=false, rotatable=false, mobileEmulationEnabled=false, networkConnectionEnabled=false, chrome={chromedriverVersion=2.39.562737 (dba483cee6a5f15e2e2d73df16968ab10b38a2bf), userDataDir=/tmp/.org.chromium.Chromium.afzoG9}, takesHeapSnapshot=true, pageLoadStrategy=normal, databaseEnabled=false, handlesAlerts=true, hasTouchScreen=false, version=67.0.3396.79, platform=LINUX, browserConnectionEnabled=false, nativeEvents=true, acceptSslCerts=false, acceptInsecureCerts=false, locationContextEnabled=true, webStorageEnabled=true, browserName=chrome, takesScreenshot=true, javascriptEnabled=true, cssSelectorsEnabled=true, setWindowRect=true, unexpectedAlertBehaviour=}]
Session ID: 89aa7d40909e58a4b0f34892519697a3
*** Element info: {Using=id, value=age_select_day}]]>
            </message>
            <full-stacktrace>
              <![CDATA[org.openqa.selenium.NoSuchWindowException: no such window: target window already closed
from unknown error: web view not found
  (Session info: chrome=67.0.3396.79)
  (Driver info: chromedriver=2.39.562737 (dba483cee6a5f15e2e2d73df16968ab10b38a2bf),platform=Linux 4.15.0-29-generic x86_64) (WARNING: The server did not provide any stacktrace information)
Command duration or timeout: 15 milliseconds
Build info: version: '3.4.0', revision: 'unknown', time: 'unknown'
System info: host: 'Dell', ip: '127.0.1.1', os.name: 'Linux', os.arch: 'amd64', os.version: '4.15.0-29-generic', java.version: '1.8.0_171'
Driver info: org.openqa.selenium.chrome.ChromeDriver
Capabilities [{applicationCacheEnabled=false, rotatable=false, mobileEmulationEnabled=false, networkConnectionEnabled=false, chrome={chromedriverVersion=2.39.562737 (dba483cee6a5f15e2e2d73df16968ab10b38a2bf), userDataDir=/tmp/.org.chromium.Chromium.afzoG9}, takesHeapSnapshot=true, pageLoadStrategy=normal, databaseEnabled=false, handlesAlerts=true, hasTouchScreen=false, version=67.0.3396.79, platform=LINUX, browserConnectionEnabled=false, nativeEvents=true, acceptSslCerts=false, acceptInsecureCerts=false, locationContextEnabled=true, webStorageEnabled=true, browserName=chrome, takesScreenshot=true, javascriptEnabled=true, cssSelectorsEnabled=true, setWindowRect=true, unexpectedAlertBehaviour=}]
Session ID: 89aa7d40909e58a4b0f34892519697a3
*** Element info: {Using=id, value=age_select_day}
	at sun.reflect.NativeConstructorAccessorImpl.newInstance0(Native Method)
	at sun.reflect.NativeConstructorAccessorImpl.newInstance(NativeConstructorAccessorImpl.java:62)
	at sun.reflect.DelegatingConstructorAccessorImpl.newInstance(DelegatingConstructorAccessorImpl.java:45)
	at java.lang.reflect.Constructor.newInstance(Constructor.java:423)
	at org.openqa.selenium.remote.ErrorHandler.createThrowable(ErrorHandler.java:215)
	at org.openqa.selenium.remote.ErrorHandler.throwIfResponseFailed(ErrorHandler.java:167)
	at org.openqa.selenium.remote.RemoteWebDriver.execute(RemoteWebDriver.java:671)
	at org.openqa.selenium.remote.RemoteWebDriver.findElement(RemoteWebDriver.java:410)
	at org.openqa.selenium.remote.RemoteWebDriver.findElementById(RemoteWebDriver.java:453)
	at org.openqa.selenium.By$ById.findElement(By.java:218)
	at org.openqa.selenium.remote.RemoteWebDriver.findElement(RemoteWebDriver.java:402)
	at com.syscolab.qe.core.ui.SyscoLabUI.findElement(SyscoLabUI.java:42)
	at com.syscolab.qe.core.ui.SyscoLabUI.click(SyscoLabUI.java:158)
	at com.sysco.ftr_web.pages.LandingPage.clickDrpDay(LandingPage.java:33)
	at com.sysco.ftr_web.functions.Landing.clickDrpDay(Landing.java:22)
	at com.sysco.ftr_web.tests.GiftsTest.init(GiftsTest.java:24)
	at sun.reflect.NativeMethodAccessorImpl.invoke0(Native Method)
	at sun.reflect.NativeMethodAccessorImpl.invoke(NativeMethodAccessorImpl.java:62)
	at sun.reflect.DelegatingMethodAccessorImpl.invoke(DelegatingMethodAccessorImpl.java:43)
	at java.lang.reflect.Method.invoke(Method.java:498)
	at org.testng.internal.MethodInvocationHelper.invokeMethod(MethodInvocationHelper.java:86)
	at org.testng.internal.Invoker.invokeConfigurationMethod(Invoker.java:514)
	at org.testng.internal.Invoker.invokeConfigurations(Invoker.java:215)
	at org.testng.internal.Invoker.invokeConfigurations(Invoker.java:142)
	at org.testng.internal.TestMethodWorker.invokeBeforeClassMethods(TestMethodWorker.java:178)
	at org.testng.internal.TestMethodWorker.run(TestMethodWorker.java:108)
	at org.testng.TestRunner.privateRun(TestRunner.java:782)
	at org.testng.TestRunner.run(TestRunner.java:632)
	at org.testng.SuiteRunner.runTest(SuiteRunner.java:366)
	at org.testng.SuiteRunner.runSequentially(SuiteRunner.java:361)
	at org.testng.SuiteRunner.privateRun(SuiteRunner.java:319)
	at org.testng.SuiteRunner.run(SuiteRunner.java:268)
	at org.testng.SuiteRunnerWorker.runSuite(SuiteRunnerWorker.java:52)
	at org.testng.SuiteRunnerWorker.run(SuiteRunnerWorker.java:86)
	at org.testng.TestNG.runSuitesSequentially(TestNG.java:1244)
	at org.testng.TestNG.runSuitesLocally(TestNG.java:1169)
	at org.testng.TestNG.run(TestNG.java:1064)
	at org.apache.maven.surefire.testng.TestNGExecutor.run(TestNGExecutor.java:77)
	at org.apache.maven.surefire.testng.TestNGDirectoryTestSuite.executeMulti(TestNGDirectoryTestSuite.java:159)
	at org.apache.maven.surefire.testng.TestNGDirectoryTestSuite.execute(TestNGDirectoryTestSuite.java:99)
	at org.apache.maven.surefire.testng.TestNGProvider.invoke(TestNGProvider.java:106)
	at sun.reflect.NativeMethodAccessorImpl.invoke0(Native Method)
	at sun.reflect.NativeMethodAccessorImpl.invoke(NativeMethodAccessorImpl.java:62)
	at sun.reflect.DelegatingMethodAccessorImpl.invoke(DelegatingMethodAccessorImpl.java:43)
	at java.lang.reflect.Method.invoke(Method.java:498)
	at org.apache.maven.surefire.util.ReflectionUtils.invokeMethodWithArray(ReflectionUtils.java:189)
	at org.apache.maven.surefire.booter.ProviderFactory$ProviderProxy.invoke(ProviderFactory.java:165)
	at org.apache.maven.surefire.booter.ProviderFactory.invokeProvider(ProviderFactory.java:85)
	at org.apache.maven.surefire.booter.ForkedBooter.runSuitesInProcess(ForkedBooter.java:115)
	at org.apache.maven.surefire.booter.ForkedBooter.main(ForkedBooter.java:75)
]]>
            </full-stacktrace>
          </exception> <!-- org.openqa.selenium.NoSuchWindowException -->
          <reporter-output>
          </reporter-output>
        </test-method> <!-- init -->
        <test-method status="SKIP" signature="testSelectProductAndAddToCart()[pri:0, instance:com.sysco.ftr_web.tests.GiftsTest@8bd1b6a]" name="testSelectProductAndAddToCart" duration-ms="0" started-at="2018-08-11T23:58:30Z" description="TC-13" finished-at="2018-08-11T23:58:30Z">
          <reporter-output>
          </reporter-output>
        </test-method> <!-- testSelectProductAndAddToCart -->
        <test-method status="SKIP" signature="quitDriver()[pri:0, instance:com.sysco.ftr_web.tests.GiftsTest@8bd1b6a]" name="quitDriver" is-config="true" duration-ms="0" started-at="2018-08-11T23:58:30Z" finished-at="2018-08-11T23:58:30Z">
          <reporter-output>
          </reporter-output>
        </test-method> <!-- quitDriver -->
        <test-method status="PASS" signature="cleanUp(org.testng.ITestContext)[pri:0, instance:com.sysco.ftr_web.tests.GiftsTest@8bd1b6a]" name="cleanUp" is-config="true" duration-ms="0" started-at="2018-08-11T23:58:30Z" finished-at="2018-08-11T23:58:30Z">
          <params>
            <param index="0">
              <value>
                <![CDATA[org.testng.TestRunner@66982506]]>
              </value>
            </param>
          </params>
          <reporter-output>
          </reporter-output>
        </test-method> <!-- cleanUp -->
      </class> <!-- com.sysco.ftr_web.tests.GiftsTest -->
      <class name="com.sysco.ftr_web.tests.MyAccountTest">
        <test-method status="FAIL" signature="init(org.testng.ITestContext)[pri:0, instance:com.sysco.ftr_web.tests.MyAccountTest@457e2f02]" name="init" is-config="true" duration-ms="0" started-at="2018-08-11T23:58:30Z" finished-at="2018-08-11T23:58:30Z">
          <params>
            <param index="0">
              <value>
                <![CDATA[org.testng.TestRunner@66982506]]>
              </value>
            </param>
          </params>
          <exception class="org.openqa.selenium.NoSuchWindowException">
            <message>
              <![CDATA[no such window: target window already closed
from unknown error: web view not found
  (Session info: chrome=67.0.3396.79)
  (Driver info: chromedriver=2.39.562737 (dba483cee6a5f15e2e2d73df16968ab10b38a2bf),platform=Linux 4.15.0-29-generic x86_64) (WARNING: The server did not provide any stacktrace information)
Command duration or timeout: 11 milliseconds
Build info: version: '3.4.0', revision: 'unknown', time: 'unknown'
System info: host: 'Dell', ip: '127.0.1.1', os.name: 'Linux', os.arch: 'amd64', os.version: '4.15.0-29-generic', java.version: '1.8.0_171'
Driver info: org.openqa.selenium.chrome.ChromeDriver
Capabilities [{applicationCacheEnabled=false, rotatable=false, mobileEmulationEnabled=false, networkConnectionEnabled=false, chrome={chromedriverVersion=2.39.562737 (dba483cee6a5f15e2e2d73df16968ab10b38a2bf), userDataDir=/tmp/.org.chromium.Chromium.7otddv}, takesHeapSnapshot=true, pageLoadStrategy=normal, databaseEnabled=false, handlesAlerts=true, hasTouchScreen=false, version=67.0.3396.79, platform=LINUX, browserConnectionEnabled=false, nativeEvents=true, acceptSslCerts=false, acceptInsecureCerts=false, locationContextEnabled=true, webStorageEnabled=true, browserName=chrome, takesScreenshot=true, javascriptEnabled=true, cssSelectorsEnabled=true, setWindowRect=true, unexpectedAlertBehaviour=}]
Session ID: 8aff3c06ad380b9daffed3a9862f95a8
*** Element info: {Using=id, value=age_select_day}]]>
            </message>
            <full-stacktrace>
              <![CDATA[org.openqa.selenium.NoSuchWindowException: no such window: target window already closed
from unknown error: web view not found
  (Session info: chrome=67.0.3396.79)
  (Driver info: chromedriver=2.39.562737 (dba483cee6a5f15e2e2d73df16968ab10b38a2bf),platform=Linux 4.15.0-29-generic x86_64) (WARNING: The server did not provide any stacktrace information)
Command duration or timeout: 11 milliseconds
Build info: version: '3.4.0', revision: 'unknown', time: 'unknown'
System info: host: 'Dell', ip: '127.0.1.1', os.name: 'Linux', os.arch: 'amd64', os.version: '4.15.0-29-generic', java.version: '1.8.0_171'
Driver info: org.openqa.selenium.chrome.ChromeDriver
Capabilities [{applicationCacheEnabled=false, rotatable=false, mobileEmulationEnabled=false, networkConnectionEnabled=false, chrome={chromedriverVersion=2.39.562737 (dba483cee6a5f15e2e2d73df16968ab10b38a2bf), userDataDir=/tmp/.org.chromium.Chromium.7otddv}, takesHeapSnapshot=true, pageLoadStrategy=normal, databaseEnabled=false, handlesAlerts=true, hasTouchScreen=false, version=67.0.3396.79, platform=LINUX, browserConnectionEnabled=false, nativeEvents=true, acceptSslCerts=false, acceptInsecureCerts=false, locationContextEnabled=true, webStorageEnabled=true, browserName=chrome, takesScreenshot=true, javascriptEnabled=true, cssSelectorsEnabled=true, setWindowRect=true, unexpectedAlertBehaviour=}]
Session ID: 8aff3c06ad380b9daffed3a9862f95a8
*** Element info: {Using=id, value=age_select_day}
	at sun.reflect.NativeConstructorAccessorImpl.newInstance0(Native Method)
	at sun.reflect.NativeConstructorAccessorImpl.newInstance(NativeConstructorAccessorImpl.java:62)
	at sun.reflect.DelegatingConstructorAccessorImpl.newInstance(DelegatingConstructorAccessorImpl.java:45)
	at java.lang.reflect.Constructor.newInstance(Constructor.java:423)
	at org.openqa.selenium.remote.ErrorHandler.createThrowable(ErrorHandler.java:215)
	at org.openqa.selenium.remote.ErrorHandler.throwIfResponseFailed(ErrorHandler.java:167)
	at org.openqa.selenium.remote.RemoteWebDriver.execute(RemoteWebDriver.java:671)
	at org.openqa.selenium.remote.RemoteWebDriver.findElement(RemoteWebDriver.java:410)
	at org.openqa.selenium.remote.RemoteWebDriver.findElementById(RemoteWebDriver.java:453)
	at org.openqa.selenium.By$ById.findElement(By.java:218)
	at org.openqa.selenium.remote.RemoteWebDriver.findElement(RemoteWebDriver.java:402)
	at com.syscolab.qe.core.ui.SyscoLabUI.findElement(SyscoLabUI.java:42)
	at com.syscolab.qe.core.ui.SyscoLabUI.click(SyscoLabUI.java:158)
	at com.sysco.ftr_web.pages.LandingPage.clickDrpDay(LandingPage.java:33)
	at com.sysco.ftr_web.functions.Landing.clickDrpDay(Landing.java:22)
	at com.sysco.ftr_web.tests.MyAccountTest.init(MyAccountTest.java:25)
	at sun.reflect.NativeMethodAccessorImpl.invoke0(Native Method)
	at sun.reflect.NativeMethodAccessorImpl.invoke(NativeMethodAccessorImpl.java:62)
	at sun.reflect.DelegatingMethodAccessorImpl.invoke(DelegatingMethodAccessorImpl.java:43)
	at java.lang.reflect.Method.invoke(Method.java:498)
	at org.testng.internal.MethodInvocationHelper.invokeMethod(MethodInvocationHelper.java:86)
	at org.testng.internal.Invoker.invokeConfigurationMethod(Invoker.java:514)
	at org.testng.internal.Invoker.invokeConfigurations(Invoker.java:215)
	at org.testng.internal.Invoker.invokeConfigurations(Invoker.java:142)
	at org.testng.internal.TestMethodWorker.invokeBeforeClassMethods(TestMethodWorker.java:178)
	at org.testng.internal.TestMethodWorker.run(TestMethodWorker.java:108)
	at org.testng.TestRunner.privateRun(TestRunner.java:782)
	at org.testng.TestRunner.run(TestRunner.java:632)
	at org.testng.SuiteRunner.runTest(SuiteRunner.java:366)
	at org.testng.SuiteRunner.runSequentially(SuiteRunner.java:361)
	at org.testng.SuiteRunner.privateRun(SuiteRunner.java:319)
	at org.testng.SuiteRunner.run(SuiteRunner.java:268)
	at org.testng.SuiteRunnerWorker.runSuite(SuiteRunnerWorker.java:52)
	at org.testng.SuiteRunnerWorker.run(SuiteRunnerWorker.java:86)
	at org.testng.TestNG.runSuitesSequentially(TestNG.java:1244)
	at org.testng.TestNG.runSuitesLocally(TestNG.java:1169)
	at org.testng.TestNG.run(TestNG.java:1064)
	at org.apache.maven.surefire.testng.TestNGExecutor.run(TestNGExecutor.java:77)
	at org.apache.maven.surefire.testng.TestNGDirectoryTestSuite.executeMulti(TestNGDirectoryTestSuite.java:159)
	at org.apache.maven.surefire.testng.TestNGDirectoryTestSuite.execute(TestNGDirectoryTestSuite.java:99)
	at org.apache.maven.surefire.testng.TestNGProvider.invoke(TestNGProvider.java:106)
	at sun.reflect.NativeMethodAccessorImpl.invoke0(Native Method)
	at sun.reflect.NativeMethodAccessorImpl.invoke(NativeMethodAccessorImpl.java:62)
	at sun.reflect.DelegatingMethodAccessorImpl.invoke(DelegatingMethodAccessorImpl.java:43)
	at java.lang.reflect.Method.invoke(Method.java:498)
	at org.apache.maven.surefire.util.ReflectionUtils.invokeMethodWithArray(ReflectionUtils.java:189)
	at org.apache.maven.surefire.booter.ProviderFactory$ProviderProxy.invoke(ProviderFactory.java:165)
	at org.apache.maven.surefire.booter.ProviderFactory.invokeProvider(ProviderFactory.java:85)
	at org.apache.maven.surefire.booter.ForkedBooter.runSuitesInProcess(ForkedBooter.java:115)
	at org.apache.maven.surefire.booter.ForkedBooter.main(ForkedBooter.java:75)
]]>
            </full-stacktrace>
          </exception> <!-- org.openqa.selenium.NoSuchWindowException -->
          <reporter-output>
          </reporter-output>
        </test-method> <!-- init -->
        <test-method status="PASS" signature="init()[pri:0, instance:com.sysco.ftr_web.tests.MyAccountTest@457e2f02]" name="init" is-config="true" duration-ms="0" started-at="2018-08-11T23:58:30Z" finished-at="2018-08-11T23:58:30Z">
          <reporter-output>
          </reporter-output>
        </test-method> <!-- init -->
        <test-method status="SKIP" signature="testCorrectUserNameIsDisplayed()[pri:0, instance:com.sysco.ftr_web.tests.MyAccountTest@457e2f02]" name="testCorrectUserNameIsDisplayed" duration-ms="0" started-at="2018-08-11T23:58:33Z" description="TC-11" finished-at="2018-08-11T23:58:33Z">
          <reporter-output>
          </reporter-output>
        </test-method> <!-- testCorrectUserNameIsDisplayed -->
        <test-method status="SKIP" signature="testRemoveCartItemsIfExist()[pri:0, instance:com.sysco.ftr_web.tests.MyAccountTest@457e2f02]" name="testRemoveCartItemsIfExist" duration-ms="0" started-at="2018-08-11T23:58:35Z" description="TC-12" depends-on-methods="com.sysco.ftr_web.tests.MyAccountTest.testCorrectUserNameIsDisplayed" finished-at="2018-08-11T23:58:35Z">
          <exception class="java.lang.Throwable">
            <message>
              <![CDATA[Method MyAccountTest.testRemoveCartItemsIfExist()[pri:0, instance:com.sysco.ftr_web.tests.MyAccountTest@457e2f02] depends on not successfully finished methods]]>
            </message>
            <full-stacktrace>
              <![CDATA[java.lang.Throwable: Method MyAccountTest.testRemoveCartItemsIfExist()[pri:0, instance:com.sysco.ftr_web.tests.MyAccountTest@457e2f02] depends on not successfully finished methods
	at org.testng.internal.Invoker.invokeTestMethods(Invoker.java:1037)
	at org.testng.internal.TestMethodWorker.invokeTestMethods(TestMethodWorker.java:129)
	at org.testng.internal.TestMethodWorker.run(TestMethodWorker.java:112)
	at org.testng.TestRunner.privateRun(TestRunner.java:782)
	at org.testng.TestRunner.run(TestRunner.java:632)
	at org.testng.SuiteRunner.runTest(SuiteRunner.java:366)
	at org.testng.SuiteRunner.runSequentially(SuiteRunner.java:361)
	at org.testng.SuiteRunner.privateRun(SuiteRunner.java:319)
	at org.testng.SuiteRunner.run(SuiteRunner.java:268)
	at org.testng.SuiteRunnerWorker.runSuite(SuiteRunnerWorker.java:52)
	at org.testng.SuiteRunnerWorker.run(SuiteRunnerWorker.java:86)
	at org.testng.TestNG.runSuitesSequentially(TestNG.java:1244)
	at org.testng.TestNG.runSuitesLocally(TestNG.java:1169)
	at org.testng.TestNG.run(TestNG.java:1064)
	at org.apache.maven.surefire.testng.TestNGExecutor.run(TestNGExecutor.java:77)
	at org.apache.maven.surefire.testng.TestNGDirectoryTestSuite.executeMulti(TestNGDirectoryTestSuite.java:159)
	at org.apache.maven.surefire.testng.TestNGDirectoryTestSuite.execute(TestNGDirectoryTestSuite.java:99)
	at org.apache.maven.surefire.testng.TestNGProvider.invoke(TestNGProvider.java:106)
	at sun.reflect.NativeMethodAccessorImpl.invoke0(Native Method)
	at sun.reflect.NativeMethodAccessorImpl.invoke(NativeMethodAccessorImpl.java:62)
	at sun.reflect.DelegatingMethodAccessorImpl.invoke(DelegatingMethodAccessorImpl.java:43)
	at java.lang.reflect.Method.invoke(Method.java:498)
	at org.apache.maven.surefire.util.ReflectionUtils.invokeMethodWithArray(ReflectionUtils.java:189)
	at org.apache.maven.surefire.booter.ProviderFactory$ProviderProxy.invoke(ProviderFactory.java:165)
	at org.apache.maven.surefire.booter.ProviderFactory.invokeProvider(ProviderFactory.java:85)
	at org.apache.maven.surefire.booter.ForkedBooter.runSuitesInProcess(ForkedBooter.java:115)
	at org.apache.maven.surefire.booter.ForkedBooter.main(ForkedBooter.java:75)
]]>
            </full-stacktrace>
          </exception> <!-- java.lang.Throwable -->
          <reporter-output>
          </reporter-output>
        </test-method> <!-- testRemoveCartItemsIfExist -->
        <test-method status="SKIP" signature="quitDriver()[pri:0, instance:com.sysco.ftr_web.tests.MyAccountTest@457e2f02]" name="quitDriver" is-config="true" duration-ms="0" started-at="2018-08-11T23:58:35Z" finished-at="2018-08-11T23:58:35Z">
          <reporter-output>
          </reporter-output>
        </test-method> <!-- quitDriver -->
        <test-method status="PASS" signature="cleanUp(org.testng.ITestContext)[pri:0, instance:com.sysco.ftr_web.tests.MyAccountTest@457e2f02]" name="cleanUp" is-config="true" duration-ms="0" started-at="2018-08-11T23:58:35Z" finished-at="2018-08-11T23:58:35Z">
          <params>
            <param index="0">
              <value>
                <![CDATA[org.testng.TestRunner@66982506]]>
              </value>
            </param>
          </params>
          <reporter-output>
          </reporter-output>
        </test-method> <!-- cleanUp -->
      </class> <!-- com.sysco.ftr_web.tests.MyAccountTest -->
      <class name="com.sysco.ftr_web.tests.CustomerLoginTest">
        <test-method status="PASS" signature="init()[pri:0, instance:com.sysco.ftr_web.tests.CustomerLoginTest@6767c1fc]" name="init" is-config="true" duration-ms="1" started-at="2018-08-11T23:56:33Z" finished-at="2018-08-11T23:56:33Z">
          <reporter-output>
          </reporter-output>
        </test-method> <!-- init -->
        <test-method status="FAIL" signature="init(org.testng.ITestContext)[pri:0, instance:com.sysco.ftr_web.tests.CustomerLoginTest@6767c1fc]" name="init" is-config="true" duration-ms="0" started-at="2018-08-11T23:56:33Z" finished-at="2018-08-11T23:56:33Z">
          <params>
            <param index="0">
              <value>
                <![CDATA[org.testng.TestRunner@66982506]]>
              </value>
            </param>
          </params>
          <exception class="org.openqa.selenium.NoSuchWindowException">
            <message>
              <![CDATA[no such window: target window already closed
from unknown error: web view not found
  (Session info: chrome=67.0.3396.79)
  (Driver info: chromedriver=2.39.562737 (dba483cee6a5f15e2e2d73df16968ab10b38a2bf),platform=Linux 4.15.0-29-generic x86_64) (WARNING: The server did not provide any stacktrace information)
Command duration or timeout: 9 milliseconds
Build info: version: '3.4.0', revision: 'unknown', time: 'unknown'
System info: host: 'Dell', ip: '127.0.1.1', os.name: 'Linux', os.arch: 'amd64', os.version: '4.15.0-29-generic', java.version: '1.8.0_171'
Driver info: org.openqa.selenium.chrome.ChromeDriver
Capabilities [{applicationCacheEnabled=false, rotatable=false, mobileEmulationEnabled=false, networkConnectionEnabled=false, chrome={chromedriverVersion=2.39.562737 (dba483cee6a5f15e2e2d73df16968ab10b38a2bf), userDataDir=/tmp/.org.chromium.Chromium.jKy0QR}, takesHeapSnapshot=true, pageLoadStrategy=normal, databaseEnabled=false, handlesAlerts=true, hasTouchScreen=false, version=67.0.3396.79, platform=LINUX, browserConnectionEnabled=false, nativeEvents=true, acceptSslCerts=false, acceptInsecureCerts=false, locationContextEnabled=true, webStorageEnabled=true, browserName=chrome, takesScreenshot=true, javascriptEnabled=true, cssSelectorsEnabled=true, setWindowRect=true, unexpectedAlertBehaviour=}]
Session ID: 504900a4b2fb87dd14aed843fb3ceaac
*** Element info: {Using=id, value=age_select_day}]]>
            </message>
            <full-stacktrace>
              <![CDATA[org.openqa.selenium.NoSuchWindowException: no such window: target window already closed
from unknown error: web view not found
  (Session info: chrome=67.0.3396.79)
  (Driver info: chromedriver=2.39.562737 (dba483cee6a5f15e2e2d73df16968ab10b38a2bf),platform=Linux 4.15.0-29-generic x86_64) (WARNING: The server did not provide any stacktrace information)
Command duration or timeout: 9 milliseconds
Build info: version: '3.4.0', revision: 'unknown', time: 'unknown'
System info: host: 'Dell', ip: '127.0.1.1', os.name: 'Linux', os.arch: 'amd64', os.version: '4.15.0-29-generic', java.version: '1.8.0_171'
Driver info: org.openqa.selenium.chrome.ChromeDriver
Capabilities [{applicationCacheEnabled=false, rotatable=false, mobileEmulationEnabled=false, networkConnectionEnabled=false, chrome={chromedriverVersion=2.39.562737 (dba483cee6a5f15e2e2d73df16968ab10b38a2bf), userDataDir=/tmp/.org.chromium.Chromium.jKy0QR}, takesHeapSnapshot=true, pageLoadStrategy=normal, databaseEnabled=false, handlesAlerts=true, hasTouchScreen=false, version=67.0.3396.79, platform=LINUX, browserConnectionEnabled=false, nativeEvents=true, acceptSslCerts=false, acceptInsecureCerts=false, locationContextEnabled=true, webStorageEnabled=true, browserName=chrome, takesScreenshot=true, javascriptEnabled=true, cssSelectorsEnabled=true, setWindowRect=true, unexpectedAlertBehaviour=}]
Session ID: 504900a4b2fb87dd14aed843fb3ceaac
*** Element info: {Using=id, value=age_select_day}
	at sun.reflect.NativeConstructorAccessorImpl.newInstance0(Native Method)
	at sun.reflect.NativeConstructorAccessorImpl.newInstance(NativeConstructorAccessorImpl.java:62)
	at sun.reflect.DelegatingConstructorAccessorImpl.newInstance(DelegatingConstructorAccessorImpl.java:45)
	at java.lang.reflect.Constructor.newInstance(Constructor.java:423)
	at org.openqa.selenium.remote.ErrorHandler.createThrowable(ErrorHandler.java:215)
	at org.openqa.selenium.remote.ErrorHandler.throwIfResponseFailed(ErrorHandler.java:167)
	at org.openqa.selenium.remote.RemoteWebDriver.execute(RemoteWebDriver.java:671)
	at org.openqa.selenium.remote.RemoteWebDriver.findElement(RemoteWebDriver.java:410)
	at org.openqa.selenium.remote.RemoteWebDriver.findElementById(RemoteWebDriver.java:453)
	at org.openqa.selenium.By$ById.findElement(By.java:218)
	at org.openqa.selenium.remote.RemoteWebDriver.findElement(RemoteWebDriver.java:402)
	at com.syscolab.qe.core.ui.SyscoLabUI.findElement(SyscoLabUI.java:42)
	at com.syscolab.qe.core.ui.SyscoLabUI.click(SyscoLabUI.java:158)
	at com.sysco.ftr_web.pages.LandingPage.clickDrpDay(LandingPage.java:33)
	at com.sysco.ftr_web.functions.Landing.clickDrpDay(Landing.java:22)
	at com.sysco.ftr_web.tests.CustomerLoginTest.init(CustomerLoginTest.java:26)
	at sun.reflect.NativeMethodAccessorImpl.invoke0(Native Method)
	at sun.reflect.NativeMethodAccessorImpl.invoke(NativeMethodAccessorImpl.java:62)
	at sun.reflect.DelegatingMethodAccessorImpl.invoke(DelegatingMethodAccessorImpl.java:43)
	at java.lang.reflect.Method.invoke(Method.java:498)
	at org.testng.internal.MethodInvocationHelper.invokeMethod(MethodInvocationHelper.java:86)
	at org.testng.internal.Invoker.invokeConfigurationMethod(Invoker.java:514)
	at org.testng.internal.Invoker.invokeConfigurations(Invoker.java:215)
	at org.testng.internal.Invoker.invokeConfigurations(Invoker.java:142)
	at org.testng.internal.TestMethodWorker.invokeBeforeClassMethods(TestMethodWorker.java:178)
	at org.testng.internal.TestMethodWorker.run(TestMethodWorker.java:108)
	at org.testng.TestRunner.privateRun(TestRunner.java:782)
	at org.testng.TestRunner.run(TestRunner.java:632)
	at org.testng.SuiteRunner.runTest(SuiteRunner.java:366)
	at org.testng.SuiteRunner.runSequentially(SuiteRunner.java:361)
	at org.testng.SuiteRunner.privateRun(SuiteRunner.java:319)
	at org.testng.SuiteRunner.run(SuiteRunner.java:268)
	at org.testng.SuiteRunnerWorker.runSuite(SuiteRunnerWorker.java:52)
	at org.testng.SuiteRunnerWorker.run(SuiteRunnerWorker.java:86)
	at org.testng.TestNG.runSuitesSequentially(TestNG.java:1244)
	at org.testng.TestNG.runSuitesLocally(TestNG.java:1169)
	at org.testng.TestNG.run(TestNG.java:1064)
	at org.apache.maven.surefire.testng.TestNGExecutor.run(TestNGExecutor.java:77)
	at org.apache.maven.surefire.testng.TestNGDirectoryTestSuite.executeMulti(TestNGDirectoryTestSuite.java:159)
	at org.apache.maven.surefire.testng.TestNGDirectoryTestSuite.execute(TestNGDirectoryTestSuite.java:99)
	at org.apache.maven.surefire.testng.TestNGProvider.invoke(TestNGProvider.java:106)
	at sun.reflect.NativeMethodAccessorImpl.invoke0(Native Method)
	at sun.reflect.NativeMethodAccessorImpl.invoke(NativeMethodAccessorImpl.java:62)
	at sun.reflect.DelegatingMethodAccessorImpl.invoke(DelegatingMethodAccessorImpl.java:43)
	at java.lang.reflect.Method.invoke(Method.java:498)
	at org.apache.maven.surefire.util.ReflectionUtils.invokeMethodWithArray(ReflectionUtils.java:189)
	at org.apache.maven.surefire.booter.ProviderFactory$ProviderProxy.invoke(ProviderFactory.java:165)
	at org.apache.maven.surefire.booter.ProviderFactory.invokeProvider(ProviderFactory.java:85)
	at org.apache.maven.surefire.booter.ForkedBooter.runSuitesInProcess(ForkedBooter.java:115)
	at org.apache.maven.surefire.booter.ForkedBooter.main(ForkedBooter.java:75)
]]>
            </full-stacktrace>
          </exception> <!-- org.openqa.selenium.NoSuchWindowException -->
          <reporter-output>
          </reporter-output>
        </test-method> <!-- init -->
        <test-method status="SKIP" signature="testVerifyUIComponentsOfCustomerLoginPage()[pri:0, instance:com.sysco.ftr_web.tests.CustomerLoginTest@6767c1fc]" name="testVerifyUIComponentsOfCustomerLoginPage" duration-ms="0" started-at="2018-08-11T23:56:41Z" description="TC-6" finished-at="2018-08-11T23:56:41Z">
          <reporter-output>
          </reporter-output>
        </test-method> <!-- testVerifyUIComponentsOfCustomerLoginPage -->
        <test-method status="SKIP" signature="testVerifyUserCanLoginUsingValidCredentials()[pri:0, instance:com.sysco.ftr_web.tests.CustomerLoginTest@6767c1fc]" name="testVerifyUserCanLoginUsingValidCredentials" duration-ms="0" started-at="2018-08-11T23:58:35Z" description="TC-7" depends-on-methods="com.sysco.ftr_web.tests.CustomerLoginTest.testVerifyUIComponentsOfCustomerLoginPage" finished-at="2018-08-11T23:58:35Z">
          <reporter-output>
          </reporter-output>
        </test-method> <!-- testVerifyUserCanLoginUsingValidCredentials -->
        <test-method status="SKIP" signature="testUserLoginUsingInvalidEmail()[pri:0, instance:com.sysco.ftr_web.tests.CustomerLoginTest@6767c1fc]" name="testUserLoginUsingInvalidEmail" duration-ms="0" started-at="2018-08-11T23:58:35Z" description="TC-8" depends-on-methods="com.sysco.ftr_web.tests.CustomerLoginTest.testVerifyUserCanLoginUsingValidCredentials" finished-at="2018-08-11T23:58:35Z">
          <reporter-output>
          </reporter-output>
        </test-method> <!-- testUserLoginUsingInvalidEmail -->
        <test-method status="SKIP" signature="testUserLoginUsingInvalidPassword()[pri:0, instance:com.sysco.ftr_web.tests.CustomerLoginTest@6767c1fc]" name="testUserLoginUsingInvalidPassword" duration-ms="0" started-at="2018-08-11T23:58:35Z" description="TC-9" depends-on-methods="com.sysco.ftr_web.tests.CustomerLoginTest.testUserLoginUsingInvalidEmail" finished-at="2018-08-11T23:58:35Z">
          <reporter-output>
          </reporter-output>
        </test-method> <!-- testUserLoginUsingInvalidPassword -->
        <test-method status="SKIP" signature="testUserLoginUsingEmptyCredentials()[pri:0, instance:com.sysco.ftr_web.tests.CustomerLoginTest@6767c1fc]" name="testUserLoginUsingEmptyCredentials" duration-ms="0" started-at="2018-08-11T23:58:35Z" description="TC-10" depends-on-methods="com.sysco.ftr_web.tests.CustomerLoginTest.testUserLoginUsingInvalidPassword" finished-at="2018-08-11T23:58:35Z">
          <reporter-output>
          </reporter-output>
        </test-method> <!-- testUserLoginUsingEmptyCredentials -->
        <test-method status="PASS" signature="cleanUp(org.testng.ITestContext)[pri:0, instance:com.sysco.ftr_web.tests.CustomerLoginTest@6767c1fc]" name="cleanUp" is-config="true" duration-ms="0" started-at="2018-08-11T23:58:35Z" finished-at="2018-08-11T23:58:35Z">
          <params>
            <param index="0">
              <value>
                <![CDATA[org.testng.TestRunner@66982506]]>
              </value>
            </param>
          </params>
          <reporter-output>
          </reporter-output>
        </test-method> <!-- cleanUp -->
        <test-method status="SKIP" signature="quitDriver()[pri:0, instance:com.sysco.ftr_web.tests.CustomerLoginTest@6767c1fc]" name="quitDriver" is-config="true" duration-ms="0" started-at="2018-08-11T23:58:35Z" finished-at="2018-08-11T23:58:35Z">
          <reporter-output>
          </reporter-output>
        </test-method> <!-- quitDriver -->
      </class> <!-- com.sysco.ftr_web.tests.CustomerLoginTest -->
    </test> <!-- Command line test -->
  </suite> <!-- Command line suite -->
</testng-results>
